[ 2017-05-16T13:39:03+08:00 ] 127.0.0.1 /
INFO: [ app_init ] --START--
INFO: Run Behavior\BuildLiteBehavior [ RunTime:0.000000s ]
INFO: [ app_init ] --END-- [ RunTime:0.003000s ]
INFO: [ app_begin ] --START--
INFO: Run Behavior\ReadHtmlCacheBehavior [ RunTime:0.004001s ]
INFO: [ app_begin ] --END-- [ RunTime:0.006001s ]
SQL: SHOW COLUMNS FROM `lei1_user` [ RunTime:0.0410s ]
SQL: SHOW COLUMNS FROM `lei1_site` [ RunTime:0.0360s ]
SQL: SHOW COLUMNS FROM `lei1_house` [ RunTime:0.0240s ]
SQL: SHOW COLUMNS FROM `lei1_zone` [ RunTime:0.0250s ]
SQL: SHOW COLUMNS FROM `lei1_article` [ RunTime:0.0260s ]
SQL: SHOW COLUMNS FROM `lei1_manager` [ RunTime:0.0250s ]
SQL: SELECT * FROM `lei1_site` WHERE ( area_id=1 ) LIMIT 1   [ RunTime:0.0000s ]
NOTIC: [8] Undefined index: lei666_id D:\UPUPW_AP5.4\vhosts\gcfang.c\Application\Home\Controller\IndexController.class.php 第 239 行.
SQL: SELECT `id`,`user_id`,`title`,`size`,`price`,`house_type`,`sell_type`,`top_to_time`,`hurry_to_time`,lei1_house.create_time,`zone_name` FROM `lei1_house` WHERE lei1_house.house_state = 1 AND ( `top_to_time` > 1494913142  ) ORDER BY lei1_house.id desc  [ RunTime:0.0010s ]
NOTIC: [8] Undefined variable: sellHouse D:\UPUPW_AP5.4\vhosts\gcfang.c\Application\Home\Controller\IndexController.class.php 第 59 行.
NOTIC: [8] Undefined variable: rentHouse D:\UPUPW_AP5.4\vhosts\gcfang.c\Application\Home\Controller\IndexController.class.php 第 60 行.
NOTIC: [8] Undefined variable: shopHouse D:\UPUPW_AP5.4\vhosts\gcfang.c\Application\Home\Controller\IndexController.class.php 第 61 行.
NOTIC: [8] Undefined variable: garageHouse D:\UPUPW_AP5.4\vhosts\gcfang.c\Application\Home\Controller\IndexController.class.php 第 62 行.
INFO: [ view_parse ] --START--
INFO: [ template_filter ] --START--
INFO: Run Behavior\ContentReplaceBehavior [ RunTime:0.001000s ]
INFO: [ template_filter ] --END-- [ RunTime:0.003000s ]
NOTIC: [8] Undefined variable: user_name D:\UPUPW_AP5.4\vhosts\gcfang.c\Application\Runtime\Cache\Home\2a94b8bda04ff446dcedd42276fc99ee.php 第 29 行.
INFO: Run Behavior\ParseTemplateBehavior [ RunTime:0.277016s ]
INFO: [ view_parse ] --END-- [ RunTime:0.279016s ]
INFO: [ view_filter ] --START--
INFO: Run Behavior\WriteHtmlCacheBehavior [ RunTime:0.010001s ]
INFO: [ view_filter ] --END-- [ RunTime:0.011001s ]
INFO: 
INFO: 
INFO: 

[ 2017-05-16T13:39:10+08:00 ] 127.0.0.1 /
INFO: [ app_init ] --START--
INFO: Run Behavior\BuildLiteBehavior [ RunTime:0.001000s ]
INFO: [ app_init ] --END-- [ RunTime:0.002000s ]
INFO: [ app_begin ] --START--
INFO: Run Behavior\ReadHtmlCacheBehavior [ RunTime:0.004001s ]
INFO: [ app_begin ] --END-- [ RunTime:0.006001s ]
SQL: SHOW COLUMNS FROM `lei1_user` [ RunTime:0.0030s ]
SQL: SHOW COLUMNS FROM `lei1_site` [ RunTime:0.0030s ]
SQL: SHOW COLUMNS FROM `lei1_house` [ RunTime:0.0030s ]
SQL: SHOW COLUMNS FROM `lei1_zone` [ RunTime:0.0030s ]
SQL: SHOW COLUMNS FROM `lei1_article` [ RunTime:0.0030s ]
SQL: SHOW COLUMNS FROM `lei1_manager` [ RunTime:0.0030s ]
SQL: SELECT * FROM `lei1_site` WHERE ( area_id=1 ) LIMIT 1   [ RunTime:0.0010s ]
NOTIC: [8] Undefined index: lei666_id D:\UPUPW_AP5.4\vhosts\gcfang.c\Application\Home\Controller\IndexController.class.php 第 239 行.
SQL: SELECT `id`,`user_id`,`title`,`size`,`price`,`house_type`,`sell_type`,`top_to_time`,`hurry_to_time`,lei1_house.create_time,`zone_name` FROM `lei1_house` WHERE lei1_house.house_state = 1 AND ( `top_to_time` > 1494913149  ) ORDER BY lei1_house.id desc  [ RunTime:0.0010s ]
NOTIC: [8] Undefined variable: sellHouse D:\UPUPW_AP5.4\vhosts\gcfang.c\Application\Home\Controller\IndexController.class.php 第 59 行.
NOTIC: [8] Undefined variable: rentHouse D:\UPUPW_AP5.4\vhosts\gcfang.c\Application\Home\Controller\IndexController.class.php 第 60 行.
NOTIC: [8] Undefined variable: shopHouse D:\UPUPW_AP5.4\vhosts\gcfang.c\Application\Home\Controller\IndexController.class.php 第 61 行.
NOTIC: [8] Undefined variable: garageHouse D:\UPUPW_AP5.4\vhosts\gcfang.c\Application\Home\Controller\IndexController.class.php 第 62 行.
INFO: [ view_parse ] --START--
INFO: [ template_filter ] --START--
INFO: Run Behavior\ContentReplaceBehavior [ RunTime:0.001000s ]
INFO: [ template_filter ] --END-- [ RunTime:0.003000s ]
NOTIC: [8] Undefined variable: user_name D:\UPUPW_AP5.4\vhosts\gcfang.c\Application\Runtime\Cache\Home\2a94b8bda04ff446dcedd42276fc99ee.php 第 29 行.
INFO: Run Behavior\ParseTemplateBehavior [ RunTime:0.160009s ]
INFO: [ view_parse ] --END-- [ RunTime:0.161009s ]
INFO: [ view_filter ] --START--
INFO: Run Behavior\WriteHtmlCacheBehavior [ RunTime:0.004001s ]
INFO: [ view_filter ] --END-- [ RunTime:0.006001s ]
INFO: [ app_end ] --START--
INFO: Run Behavior\ShowPageTraceBehavior [ RunTime:0.005000s ]
INFO: [ app_end ] --END-- [ RunTime:0.005000s ]

[ 2017-05-16T13:39:10+08:00 ] 127.0.0.1 /Public/Public/icon/loading.gif
INFO: [ app_init ] --START--
INFO: Run Behavior\BuildLiteBehavior [ RunTime:0.001000s ]
INFO: [ app_init ] --END-- [ RunTime:0.003000s ]

[ 2017-05-16T13:39:10+08:00 ] 127.0.0.1 /index/getMoreHouseList
INFO: [ app_init ] --START--
INFO: Run Behavior\BuildLiteBehavior [ RunTime:0.000000s ]
INFO: [ app_init ] --END-- [ RunTime:0.003000s ]
INFO: [ app_begin ] --START--
INFO: Run Behavior\ReadHtmlCacheBehavior [ RunTime:0.005000s ]
INFO: [ app_begin ] --END-- [ RunTime:0.006001s ]
SQL: SHOW COLUMNS FROM `lei1_user` [ RunTime:0.0030s ]
SQL: SHOW COLUMNS FROM `lei1_site` [ RunTime:0.0030s ]
SQL: SHOW COLUMNS FROM `lei1_house` [ RunTime:0.0030s ]
SQL: SHOW COLUMNS FROM `lei1_zone` [ RunTime:0.0020s ]
SQL: SHOW COLUMNS FROM `lei1_article` [ RunTime:0.0030s ]
SQL: SHOW COLUMNS FROM `lei1_manager` [ RunTime:0.0040s ]
SQL: SELECT * FROM `lei1_site` WHERE ( area_id=1 ) LIMIT 1   [ RunTime:0.0010s ]
NOTIC: [8] Undefined index: lei666_id D:\UPUPW_AP5.4\vhosts\gcfang.c\Application\Home\Controller\IndexController.class.php 第 239 行.
NOTIC: [8] Undefined index: indexSearchValue D:\UPUPW_AP5.4\vhosts\gcfang.c\Application\Home\Controller\IndexController.class.php 第 326 行.
SQL: SELECT `id`,`user_id`,`title`,`size`,`price`,`house_type`,`sell_type`,`top_to_time`,`hurry_to_time`,lei1_house.create_time,`zone_name` FROM `lei1_house` WHERE `house_type` = 1 AND `sell_type` = 1 AND lei1_house.house_state = 1 AND lei1_house.area_id = '1' ORDER BY lei1_house.id desc LIMIT 0,20   [ RunTime:0.0010s ]
NOTIC: [8] Undefined variable: houseHtml D:\UPUPW_AP5.4\vhosts\gcfang.c\Application\Home\Controller\IndexController.class.php 第 334 行.
NOTIC: [8] Undefined index: indexSearchValue D:\UPUPW_AP5.4\vhosts\gcfang.c\Application\Home\Controller\IndexController.class.php 第 336 行.
NOTIC: [8] Undefined variable: tihs D:\UPUPW_AP5.4\vhosts\gcfang.c\Application\Home\Controller\IndexController.class.php 第 343 行.
NOTIC: [8] Trying to get property of non-object D:\UPUPW_AP5.4\vhosts\gcfang.c\Application\Home\Controller\IndexController.class.php 第 343 行.
NOTIC: [8] Undefined variable: tihs D:\UPUPW_AP5.4\vhosts\gcfang.c\Application\Home\Controller\IndexController.class.php 第 343 行.
NOTIC: [8] Trying to get property of non-object D:\UPUPW_AP5.4\vhosts\gcfang.c\Application\Home\Controller\IndexController.class.php 第 343 行.
NOTIC: [8] Undefined variable: tihs D:\UPUPW_AP5.4\vhosts\gcfang.c\Application\Home\Controller\IndexController.class.php 第 343 行.
NOTIC: [8] Trying to get property of non-object D:\UPUPW_AP5.4\vhosts\gcfang.c\Application\Home\Controller\IndexController.class.php 第 343 行.
NOTIC: [8] Undefined variable: tihs D:\UPUPW_AP5.4\vhosts\gcfang.c\Application\Home\Controller\IndexController.class.php 第 343 行.
NOTIC: [8] Trying to get property of non-object D:\UPUPW_AP5.4\vhosts\gcfang.c\Application\Home\Controller\IndexController.class.php 第 343 行.
NOTIC: [8] Undefined variable: tihs D:\UPUPW_AP5.4\vhosts\gcfang.c\Application\Home\Controller\IndexController.class.php 第 343 行.
NOTIC: [8] Trying to get property of non-object D:\UPUPW_AP5.4\vhosts\gcfang.c\Application\Home\Controller\IndexController.class.php 第 343 行.
NOTIC: [8] Undefined variable: tihs D:\UPUPW_AP5.4\vhosts\gcfang.c\Application\Home\Controller\IndexController.class.php 第 343 行.
NOTIC: [8] Trying to get property of non-object D:\UPUPW_AP5.4\vhosts\gcfang.c\Application\Home\Controller\IndexController.class.php 第 343 行.
NOTIC: [8] Undefined variable: tihs D:\UPUPW_AP5.4\vhosts\gcfang.c\Application\Home\Controller\IndexController.class.php 第 343 行.
NOTIC: [8] Trying to get property of non-object D:\UPUPW_AP5.4\vhosts\gcfang.c\Application\Home\Controller\IndexController.class.php 第 343 行.
NOTIC: [8] Undefined variable: tihs D:\UPUPW_AP5.4\vhosts\gcfang.c\Application\Home\Controller\IndexController.class.php 第 343 行.
NOTIC: [8] Trying to get property of non-object D:\UPUPW_AP5.4\vhosts\gcfang.c\Application\Home\Controller\IndexController.class.php 第 343 行.
NOTIC: [8] Undefined variable: tihs D:\UPUPW_AP5.4\vhosts\gcfang.c\Application\Home\Controller\IndexController.class.php 第 343 行.
NOTIC: [8] Trying to get property of non-object D:\UPUPW_AP5.4\vhosts\gcfang.c\Application\Home\Controller\IndexController.class.php 第 343 行.
NOTIC: [8] Undefined variable: tihs D:\UPUPW_AP5.4\vhosts\gcfang.c\Application\Home\Controller\IndexController.class.php 第 343 行.
NOTIC: [8] Trying to get property of non-object D:\UPUPW_AP5.4\vhosts\gcfang.c\Application\Home\Controller\IndexController.class.php 第 343 行.
NOTIC: [8] Undefined variable: tihs D:\UPUPW_AP5.4\vhosts\gcfang.c\Application\Home\Controller\IndexController.class.php 第 343 行.
NOTIC: [8] Trying to get property of non-object D:\UPUPW_AP5.4\vhosts\gcfang.c\Application\Home\Controller\IndexController.class.php 第 343 行.
NOTIC: [8] Undefined variable: tihs D:\UPUPW_AP5.4\vhosts\gcfang.c\Application\Home\Controller\IndexController.class.php 第 343 行.
NOTIC: [8] Trying to get property of non-object D:\UPUPW_AP5.4\vhosts\gcfang.c\Application\Home\Controller\IndexController.class.php 第 343 行.
NOTIC: [8] Undefined variable: tihs D:\UPUPW_AP5.4\vhosts\gcfang.c\Application\Home\Controller\IndexController.class.php 第 343 行.
NOTIC: [8] Trying to get property of non-object D:\UPUPW_AP5.4\vhosts\gcfang.c\Application\Home\Controller\IndexController.class.php 第 343 行.
NOTIC: [8] Undefined variable: tihs D:\UPUPW_AP5.4\vhosts\gcfang.c\Application\Home\Controller\IndexController.class.php 第 343 行.
NOTIC: [8] Trying to get property of non-object D:\UPUPW_AP5.4\vhosts\gcfang.c\Application\Home\Controller\IndexController.class.php 第 343 行.
NOTIC: [8] Undefined variable: tihs D:\UPUPW_AP5.4\vhosts\gcfang.c\Application\Home\Controller\IndexController.class.php 第 343 行.
NOTIC: [8] Trying to get property of non-object D:\UPUPW_AP5.4\vhosts\gcfang.c\Application\Home\Controller\IndexController.class.php 第 343 行.
NOTIC: [8] Undefined variable: tihs D:\UPUPW_AP5.4\vhosts\gcfang.c\Application\Home\Controller\IndexController.class.php 第 343 行.
NOTIC: [8] Trying to get property of non-object D:\UPUPW_AP5.4\vhosts\gcfang.c\Application\Home\Controller\IndexController.class.php 第 343 行.
NOTIC: [8] Undefined index: indexSearchValue D:\UPUPW_AP5.4\vhosts\gcfang.c\Application\Home\Controller\IndexController.class.php 第 349 行.
INFO: [ app_end ] --START--
INFO: Run Behavior\ShowPageTraceBehavior [ RunTime:0.005000s ]
INFO: [ app_end ] --END-- [ RunTime:0.006000s ]

[ 2017-05-16T13:39:14+08:00 ] 127.0.0.1 /benben/
INFO: [ app_init ] --START--
INFO: Run Behavior\BuildLiteBehavior [ RunTime:0.001000s ]
INFO: [ app_init ] --END-- [ RunTime:0.003001s ]
INFO: [ app_begin ] --START--
INFO: Run Behavior\ReadHtmlCacheBehavior [ RunTime:0.004000s ]
INFO: [ app_begin ] --END-- [ RunTime:0.005000s ]
SQL: SHOW COLUMNS FROM `lei1_site` [ RunTime:0.0040s ]
SQL: SHOW COLUMNS FROM `lei1_user` [ RunTime:0.0030s ]
SQL: SHOW COLUMNS FROM `lei1_house` [ RunTime:0.0040s ]
SQL: SHOW COLUMNS FROM `lei1_article` [ RunTime:0.0030s ]
SQL: SHOW COLUMNS FROM `lei1_zone` [ RunTime:0.0030s ]
SQL: SHOW COLUMNS FROM `lei1_recharge` [ RunTime:0.0280s ]
SQL: SHOW COLUMNS FROM `lei1_deal` [ RunTime:0.0190s ]
SQL: SHOW COLUMNS FROM `lei1_manager` [ RunTime:0.0030s ]
NOTIC: [8] Undefined index: lei666_manager_id D:\UPUPW_AP5.4\vhosts\gcfang.c\Application\Home\Controller\BenbenController.class.php 第 346 行.
INFO: [ view_parse ] --START--
INFO: [ template_filter ] --START--
INFO: Run Behavior\ContentReplaceBehavior [ RunTime:0.000000s ]
INFO: [ template_filter ] --END-- [ RunTime:0.002001s ]
INFO: Run Behavior\ParseTemplateBehavior [ RunTime:0.048003s ]
INFO: [ view_parse ] --END-- [ RunTime:0.049003s ]
INFO: [ view_filter ] --START--
INFO: Run Behavior\WriteHtmlCacheBehavior [ RunTime:0.004000s ]
INFO: [ view_filter ] --END-- [ RunTime:0.006000s ]

[ 2017-05-16T13:39:17+08:00 ] 127.0.0.1 /index/adminLogin
INFO: [ app_init ] --START--
INFO: Run Behavior\BuildLiteBehavior [ RunTime:0.000000s ]
INFO: [ app_init ] --END-- [ RunTime:0.003000s ]
INFO: [ app_begin ] --START--
INFO: Run Behavior\ReadHtmlCacheBehavior [ RunTime:0.005001s ]
INFO: [ app_begin ] --END-- [ RunTime:0.006001s ]
SQL: SHOW COLUMNS FROM `lei1_user` [ RunTime:0.0030s ]
SQL: SHOW COLUMNS FROM `lei1_site` [ RunTime:0.0030s ]
SQL: SHOW COLUMNS FROM `lei1_house` [ RunTime:0.0040s ]
SQL: SHOW COLUMNS FROM `lei1_zone` [ RunTime:0.0030s ]
SQL: SHOW COLUMNS FROM `lei1_article` [ RunTime:0.0030s ]
SQL: SHOW COLUMNS FROM `lei1_manager` [ RunTime:0.0020s ]
SQL: SELECT * FROM `lei1_site` WHERE ( area_id=1 ) LIMIT 1   [ RunTime:0.0000s ]
NOTIC: [8] Undefined index: lei666_id D:\UPUPW_AP5.4\vhosts\gcfang.c\Application\Home\Controller\IndexController.class.php 第 239 行.
INFO: [ view_parse ] --START--
INFO: [ template_filter ] --START--
INFO: Run Behavior\ContentReplaceBehavior [ RunTime:0.001000s ]
INFO: [ template_filter ] --END-- [ RunTime:0.003000s ]
INFO: Run Behavior\ParseTemplateBehavior [ RunTime:0.045002s ]
INFO: [ view_parse ] --END-- [ RunTime:0.046002s ]
INFO: [ view_filter ] --START--
INFO: Run Behavior\WriteHtmlCacheBehavior [ RunTime:0.004000s ]
INFO: [ view_filter ] --END-- [ RunTime:0.006001s ]
INFO: [ app_end ] --START--
INFO: Run Behavior\ShowPageTraceBehavior [ RunTime:0.004000s ]
INFO: [ app_end ] --END-- [ RunTime:0.005000s ]

[ 2017-05-16T13:39:19+08:00 ] 127.0.0.1 /index/submitManagerLogin
INFO: [ app_init ] --START--
INFO: Run Behavior\BuildLiteBehavior [ RunTime:0.000000s ]
INFO: [ app_init ] --END-- [ RunTime:0.003000s ]
INFO: [ app_begin ] --START--
INFO: Run Behavior\ReadHtmlCacheBehavior [ RunTime:0.005000s ]
INFO: [ app_begin ] --END-- [ RunTime:0.006000s ]
SQL: SHOW COLUMNS FROM `lei1_user` [ RunTime:0.0030s ]
SQL: SHOW COLUMNS FROM `lei1_site` [ RunTime:0.0040s ]
SQL: SHOW COLUMNS FROM `lei1_house` [ RunTime:0.0030s ]
SQL: SHOW COLUMNS FROM `lei1_zone` [ RunTime:0.0040s ]
SQL: SHOW COLUMNS FROM `lei1_article` [ RunTime:0.0040s ]
SQL: SHOW COLUMNS FROM `lei1_manager` [ RunTime:0.0030s ]
SQL: SELECT * FROM `lei1_site` WHERE ( area_id=1 ) LIMIT 1   [ RunTime:0.0000s ]
NOTIC: [8] Undefined index: lei666_id D:\UPUPW_AP5.4\vhosts\gcfang.c\Application\Home\Controller\IndexController.class.php 第 239 行.
SQL: SELECT * FROM `lei1_manager` WHERE ( m_name="1" ) LIMIT 1   [ RunTime:0.0000s ]
INFO: [ app_end ] --START--
INFO: Run Behavior\ShowPageTraceBehavior [ RunTime:0.005000s ]
INFO: [ app_end ] --END-- [ RunTime:0.006000s ]

[ 2017-05-16T13:39:22+08:00 ] 127.0.0.1 /index/submitManagerLogin
INFO: [ app_init ] --START--
INFO: Run Behavior\BuildLiteBehavior [ RunTime:0.001000s ]
INFO: [ app_init ] --END-- [ RunTime:0.003000s ]
INFO: [ app_begin ] --START--
INFO: Run Behavior\ReadHtmlCacheBehavior [ RunTime:0.004000s ]
INFO: [ app_begin ] --END-- [ RunTime:0.006000s ]
SQL: SHOW COLUMNS FROM `lei1_user` [ RunTime:0.0030s ]
SQL: SHOW COLUMNS FROM `lei1_site` [ RunTime:0.0030s ]
SQL: SHOW COLUMNS FROM `lei1_house` [ RunTime:0.0030s ]
SQL: SHOW COLUMNS FROM `lei1_zone` [ RunTime:0.0030s ]
SQL: SHOW COLUMNS FROM `lei1_article` [ RunTime:0.0030s ]
SQL: SHOW COLUMNS FROM `lei1_manager` [ RunTime:0.0030s ]
SQL: SELECT * FROM `lei1_site` WHERE ( area_id=1 ) LIMIT 1   [ RunTime:0.0010s ]
NOTIC: [8] Undefined index: lei666_id D:\UPUPW_AP5.4\vhosts\gcfang.c\Application\Home\Controller\IndexController.class.php 第 239 行.
SQL: SELECT * FROM `lei1_manager` WHERE ( m_name="2" ) LIMIT 1   [ RunTime:0.0010s ]
INFO: [ app_end ] --START--
INFO: Run Behavior\ShowPageTraceBehavior [ RunTime:0.004000s ]
INFO: [ app_end ] --END-- [ RunTime:0.006000s ]

[ 2017-05-16T13:39:26+08:00 ] 127.0.0.1 /index/submitManagerLogin
INFO: [ app_init ] --START--
INFO: Run Behavior\BuildLiteBehavior [ RunTime:0.000000s ]
INFO: [ app_init ] --END-- [ RunTime:0.003000s ]
INFO: [ app_begin ] --START--
INFO: Run Behavior\ReadHtmlCacheBehavior [ RunTime:0.003000s ]
INFO: [ app_begin ] --END-- [ RunTime:0.005000s ]
SQL: SHOW COLUMNS FROM `lei1_user` [ RunTime:0.0030s ]
SQL: SHOW COLUMNS FROM `lei1_site` [ RunTime:0.0030s ]
SQL: SHOW COLUMNS FROM `lei1_house` [ RunTime:0.0030s ]
SQL: SHOW COLUMNS FROM `lei1_zone` [ RunTime:0.0030s ]
SQL: SHOW COLUMNS FROM `lei1_article` [ RunTime:0.0030s ]
SQL: SHOW COLUMNS FROM `lei1_manager` [ RunTime:0.0030s ]
SQL: SELECT * FROM `lei1_site` WHERE ( area_id=1 ) LIMIT 1   [ RunTime:0.0010s ]
NOTIC: [8] Undefined index: lei666_id D:\UPUPW_AP5.4\vhosts\gcfang.c\Application\Home\Controller\IndexController.class.php 第 239 行.
SQL: SELECT * FROM `lei1_manager` WHERE ( m_name="1" ) LIMIT 1   [ RunTime:0.0010s ]
INFO: [ app_end ] --START--
INFO: Run Behavior\ShowPageTraceBehavior [ RunTime:0.004000s ]
INFO: [ app_end ] --END-- [ RunTime:0.006001s ]

[ 2017-05-16T13:40:30+08:00 ] 127.0.0.1 /index/submitManagerLogin
INFO: [ app_init ] --START--
INFO: Run Behavior\BuildLiteBehavior [ RunTime:0.000000s ]
INFO: [ app_init ] --END-- [ RunTime:0.003000s ]
INFO: [ app_begin ] --START--
INFO: Run Behavior\ReadHtmlCacheBehavior [ RunTime:0.003000s ]
INFO: [ app_begin ] --END-- [ RunTime:0.005000s ]
SQL: SHOW COLUMNS FROM `lei1_user` [ RunTime:0.0040s ]
SQL: SHOW COLUMNS FROM `lei1_site` [ RunTime:0.0030s ]
SQL: SHOW COLUMNS FROM `lei1_house` [ RunTime:0.0030s ]
SQL: SHOW COLUMNS FROM `lei1_zone` [ RunTime:0.0020s ]
SQL: SHOW COLUMNS FROM `lei1_article` [ RunTime:0.0030s ]
SQL: SHOW COLUMNS FROM `lei1_manager` [ RunTime:0.0020s ]
SQL: SELECT * FROM `lei1_site` WHERE ( area_id=1 ) LIMIT 1   [ RunTime:0.0000s ]
NOTIC: [8] Undefined index: lei666_id D:\UPUPW_AP5.4\vhosts\gcfang.c\Application\Home\Controller\IndexController.class.php 第 239 行.
SQL: SELECT * FROM `lei1_manager` WHERE ( m_name="1" ) LIMIT 1   [ RunTime:0.0010s ]
INFO: [ app_end ] --START--
INFO: Run Behavior\ShowPageTraceBehavior [ RunTime:0.004000s ]
INFO: [ app_end ] --END-- [ RunTime:0.006000s ]

[ 2017-05-16T13:40:32+08:00 ] 127.0.0.1 /index/submitManagerLogin
INFO: [ app_init ] --START--
INFO: Run Behavior\BuildLiteBehavior [ RunTime:0.000000s ]
INFO: [ app_init ] --END-- [ RunTime:0.003000s ]
INFO: [ app_begin ] --START--
INFO: Run Behavior\ReadHtmlCacheBehavior [ RunTime:0.004000s ]
INFO: [ app_begin ] --END-- [ RunTime:0.006001s ]
SQL: SHOW COLUMNS FROM `lei1_user` [ RunTime:0.0030s ]
SQL: SHOW COLUMNS FROM `lei1_site` [ RunTime:0.0030s ]
SQL: SHOW COLUMNS FROM `lei1_house` [ RunTime:0.0020s ]
SQL: SHOW COLUMNS FROM `lei1_zone` [ RunTime:0.0030s ]
SQL: SHOW COLUMNS FROM `lei1_article` [ RunTime:0.0030s ]
SQL: SHOW COLUMNS FROM `lei1_manager` [ RunTime:0.0020s ]
SQL: SELECT * FROM `lei1_site` WHERE ( area_id=1 ) LIMIT 1   [ RunTime:0.0000s ]
NOTIC: [8] Undefined index: lei666_id D:\UPUPW_AP5.4\vhosts\gcfang.c\Application\Home\Controller\IndexController.class.php 第 239 行.
SQL: SELECT * FROM `lei1_manager` WHERE ( m_name="1" ) LIMIT 1   [ RunTime:0.0000s ]
INFO: [ app_end ] --START--
INFO: Run Behavior\ShowPageTraceBehavior [ RunTime:0.004000s ]
INFO: [ app_end ] --END-- [ RunTime:0.006000s ]

[ 2017-05-16T13:40:36+08:00 ] 127.0.0.1 /index/adminLogin
INFO: [ app_init ] --START--
INFO: Run Behavior\BuildLiteBehavior [ RunTime:0.000000s ]
INFO: [ app_init ] --END-- [ RunTime:0.003000s ]
INFO: [ app_begin ] --START--
INFO: Run Behavior\ReadHtmlCacheBehavior [ RunTime:0.004000s ]
INFO: [ app_begin ] --END-- [ RunTime:0.006000s ]
SQL: SHOW COLUMNS FROM `lei1_user` [ RunTime:0.0030s ]
SQL: SHOW COLUMNS FROM `lei1_site` [ RunTime:0.0030s ]
SQL: SHOW COLUMNS FROM `lei1_house` [ RunTime:0.0030s ]
SQL: SHOW COLUMNS FROM `lei1_zone` [ RunTime:0.0040s ]
SQL: SHOW COLUMNS FROM `lei1_article` [ RunTime:0.0030s ]
SQL: SHOW COLUMNS FROM `lei1_manager` [ RunTime:0.0020s ]
SQL: SELECT * FROM `lei1_site` WHERE ( area_id=1 ) LIMIT 1   [ RunTime:0.0010s ]
NOTIC: [8] Undefined index: lei666_id D:\UPUPW_AP5.4\vhosts\gcfang.c\Application\Home\Controller\IndexController.class.php 第 239 行.
INFO: [ view_parse ] --START--
INFO: [ template_filter ] --START--
INFO: Run Behavior\ContentReplaceBehavior [ RunTime:0.001000s ]
INFO: [ template_filter ] --END-- [ RunTime:0.002000s ]
INFO: Run Behavior\ParseTemplateBehavior [ RunTime:0.037002s ]
INFO: [ view_parse ] --END-- [ RunTime:0.038002s ]
INFO: [ view_filter ] --START--
INFO: Run Behavior\WriteHtmlCacheBehavior [ RunTime:0.003000s ]
INFO: [ view_filter ] --END-- [ RunTime:0.005000s ]
INFO: [ app_end ] --START--
INFO: Run Behavior\ShowPageTraceBehavior [ RunTime:0.004000s ]
INFO: [ app_end ] --END-- [ RunTime:0.006000s ]

[ 2017-05-16T13:40:38+08:00 ] 127.0.0.1 /index/submitManagerLogin
INFO: [ app_init ] --START--
INFO: Run Behavior\BuildLiteBehavior [ RunTime:0.000000s ]
INFO: [ app_init ] --END-- [ RunTime:0.003000s ]
INFO: [ app_begin ] --START--
INFO: Run Behavior\ReadHtmlCacheBehavior [ RunTime:0.004001s ]
INFO: [ app_begin ] --END-- [ RunTime:0.005001s ]
SQL: SHOW COLUMNS FROM `lei1_user` [ RunTime:0.0030s ]
SQL: SHOW COLUMNS FROM `lei1_site` [ RunTime:0.0030s ]
SQL: SHOW COLUMNS FROM `lei1_house` [ RunTime:0.0030s ]
SQL: SHOW COLUMNS FROM `lei1_zone` [ RunTime:0.0030s ]
SQL: SHOW COLUMNS FROM `lei1_article` [ RunTime:0.0030s ]
SQL: SHOW COLUMNS FROM `lei1_manager` [ RunTime:0.0030s ]
SQL: SELECT * FROM `lei1_site` WHERE ( area_id=1 ) LIMIT 1   [ RunTime:0.0000s ]
NOTIC: [8] Undefined index: lei666_id D:\UPUPW_AP5.4\vhosts\gcfang.c\Application\Home\Controller\IndexController.class.php 第 239 行.
SQL: SELECT * FROM `lei1_manager` WHERE ( m_name="1" ) LIMIT 1   [ RunTime:0.0010s ]
INFO: [ app_end ] --START--
INFO: Run Behavior\ShowPageTraceBehavior [ RunTime:0.004000s ]
INFO: [ app_end ] --END-- [ RunTime:0.006000s ]

[ 2017-05-16T13:40:52+08:00 ] 127.0.0.1 /index/submitManagerLogin
INFO: [ app_init ] --START--
INFO: Run Behavior\BuildLiteBehavior [ RunTime:0.000000s ]
INFO: [ app_init ] --END-- [ RunTime:0.003000s ]
INFO: [ app_begin ] --START--
INFO: Run Behavior\ReadHtmlCacheBehavior [ RunTime:0.003001s ]
INFO: [ app_begin ] --END-- [ RunTime:0.005001s ]
SQL: SHOW COLUMNS FROM `lei1_user` [ RunTime:0.0030s ]
SQL: SHOW COLUMNS FROM `lei1_site` [ RunTime:0.0030s ]
SQL: SHOW COLUMNS FROM `lei1_house` [ RunTime:0.0030s ]
SQL: SHOW COLUMNS FROM `lei1_zone` [ RunTime:0.0030s ]
SQL: SHOW COLUMNS FROM `lei1_article` [ RunTime:0.0030s ]
SQL: SHOW COLUMNS FROM `lei1_manager` [ RunTime:0.0030s ]
SQL: SELECT * FROM `lei1_site` WHERE ( area_id=1 ) LIMIT 1   [ RunTime:0.0010s ]
NOTIC: [8] Undefined index: lei666_id D:\UPUPW_AP5.4\vhosts\gcfang.c\Application\Home\Controller\IndexController.class.php 第 239 行.
SQL: SELECT * FROM `lei1_manager` WHERE ( m_name="ok" ) LIMIT 1   [ RunTime:0.0010s ]
INFO: [ app_end ] --START--
INFO: Run Behavior\ShowPageTraceBehavior [ RunTime:0.004000s ]
INFO: [ app_end ] --END-- [ RunTime:0.006001s ]

[ 2017-05-16T13:40:56+08:00 ] 127.0.0.1 /index/submitManagerLogin
INFO: [ app_init ] --START--
INFO: Run Behavior\BuildLiteBehavior [ RunTime:0.001000s ]
INFO: [ app_init ] --END-- [ RunTime:0.003000s ]
INFO: [ app_begin ] --START--
INFO: Run Behavior\ReadHtmlCacheBehavior [ RunTime:0.004000s ]
INFO: [ app_begin ] --END-- [ RunTime:0.005000s ]
SQL: SHOW COLUMNS FROM `lei1_user` [ RunTime:0.0030s ]
SQL: SHOW COLUMNS FROM `lei1_site` [ RunTime:0.0030s ]
SQL: SHOW COLUMNS FROM `lei1_house` [ RunTime:0.0030s ]
SQL: SHOW COLUMNS FROM `lei1_zone` [ RunTime:0.0030s ]
SQL: SHOW COLUMNS FROM `lei1_article` [ RunTime:0.0030s ]
SQL: SHOW COLUMNS FROM `lei1_manager` [ RunTime:0.0020s ]
SQL: SELECT * FROM `lei1_site` WHERE ( area_id=1 ) LIMIT 1   [ RunTime:0.0010s ]
NOTIC: [8] Undefined index: lei666_id D:\UPUPW_AP5.4\vhosts\gcfang.c\Application\Home\Controller\IndexController.class.php 第 239 行.
SQL: SELECT * FROM `lei1_manager` WHERE ( m_name="ok" ) LIMIT 1   [ RunTime:0.0000s ]
INFO: [ app_end ] --START--
INFO: Run Behavior\ShowPageTraceBehavior [ RunTime:0.004001s ]
INFO: [ app_end ] --END-- [ RunTime:0.006001s ]

[ 2017-05-16T13:41:12+08:00 ] 127.0.0.1 /index/submitManagerLogin
INFO: [ app_init ] --START--
INFO: Run Behavior\BuildLiteBehavior [ RunTime:0.000000s ]
INFO: [ app_init ] --END-- [ RunTime:0.003000s ]
INFO: [ app_begin ] --START--
INFO: Run Behavior\ReadHtmlCacheBehavior [ RunTime:0.004001s ]
INFO: [ app_begin ] --END-- [ RunTime:0.005001s ]
SQL: SHOW COLUMNS FROM `lei1_user` [ RunTime:0.0040s ]
SQL: SHOW COLUMNS FROM `lei1_site` [ RunTime:0.0030s ]
SQL: SHOW COLUMNS FROM `lei1_house` [ RunTime:0.0030s ]
SQL: SHOW COLUMNS FROM `lei1_zone` [ RunTime:0.0030s ]
SQL: SHOW COLUMNS FROM `lei1_article` [ RunTime:0.0030s ]
SQL: SHOW COLUMNS FROM `lei1_manager` [ RunTime:0.0030s ]
SQL: SELECT * FROM `lei1_site` WHERE ( area_id=1 ) LIMIT 1   [ RunTime:0.0000s ]
NOTIC: [8] Undefined index: lei666_id D:\UPUPW_AP5.4\vhosts\gcfang.c\Application\Home\Controller\IndexController.class.php 第 239 行.
SQL: SELECT * FROM `lei1_manager` WHERE ( m_name="11" ) LIMIT 1   [ RunTime:0.0000s ]
INFO: [ app_end ] --START--
INFO: Run Behavior\ShowPageTraceBehavior [ RunTime:0.005000s ]
INFO: [ app_end ] --END-- [ RunTime:0.006000s ]

[ 2017-05-16T13:41:18+08:00 ] 127.0.0.1 /index/submitManagerLogin
INFO: [ app_init ] --START--
INFO: Run Behavior\BuildLiteBehavior [ RunTime:0.001001s ]
INFO: [ app_init ] --END-- [ RunTime:0.002001s ]
INFO: [ app_begin ] --START--
INFO: Run Behavior\ReadHtmlCacheBehavior [ RunTime:0.003000s ]
INFO: [ app_begin ] --END-- [ RunTime:0.005000s ]
SQL: SHOW COLUMNS FROM `lei1_user` [ RunTime:0.0030s ]
SQL: SHOW COLUMNS FROM `lei1_site` [ RunTime:0.0030s ]
SQL: SHOW COLUMNS FROM `lei1_house` [ RunTime:0.0030s ]
SQL: SHOW COLUMNS FROM `lei1_zone` [ RunTime:0.0030s ]
SQL: SHOW COLUMNS FROM `lei1_article` [ RunTime:0.0030s ]
SQL: SHOW COLUMNS FROM `lei1_manager` [ RunTime:0.0030s ]
SQL: SELECT * FROM `lei1_site` WHERE ( area_id=1 ) LIMIT 1   [ RunTime:0.0000s ]
NOTIC: [8] Undefined index: lei666_id D:\UPUPW_AP5.4\vhosts\gcfang.c\Application\Home\Controller\IndexController.class.php 第 239 行.
SQL: SELECT * FROM `lei1_manager` WHERE ( m_name="11" ) LIMIT 1   [ RunTime:0.0010s ]
INFO: [ app_end ] --START--
INFO: Run Behavior\ShowPageTraceBehavior [ RunTime:0.004000s ]
INFO: [ app_end ] --END-- [ RunTime:0.006000s ]

[ 2017-05-16T13:43:00+08:00 ] 127.0.0.1 /index/submitManagerLogin
INFO: [ app_init ] --START--
INFO: Run Behavior\BuildLiteBehavior [ RunTime:0.000000s ]
INFO: [ app_init ] --END-- [ RunTime:0.003000s ]
INFO: [ app_begin ] --START--
INFO: Run Behavior\ReadHtmlCacheBehavior [ RunTime:0.004001s ]
INFO: [ app_begin ] --END-- [ RunTime:0.005001s ]
SQL: SHOW COLUMNS FROM `lei1_user` [ RunTime:0.0040s ]
SQL: SHOW COLUMNS FROM `lei1_site` [ RunTime:0.0030s ]
SQL: SHOW COLUMNS FROM `lei1_house` [ RunTime:0.0030s ]
SQL: SHOW COLUMNS FROM `lei1_zone` [ RunTime:0.0030s ]
SQL: SHOW COLUMNS FROM `lei1_article` [ RunTime:0.0030s ]
SQL: SHOW COLUMNS FROM `lei1_manager` [ RunTime:0.0020s ]
SQL: SELECT * FROM `lei1_site` WHERE ( area_id=1 ) LIMIT 1   [ RunTime:0.0000s ]
NOTIC: [8] Undefined index: lei666_id D:\UPUPW_AP5.4\vhosts\gcfang.c\Application\Home\Controller\IndexController.class.php 第 239 行.
SQL: SELECT * FROM `lei1_manager` WHERE ( m_name="1" ) LIMIT 1   [ RunTime:0.0010s ]
SQL: SELECT * FROM `lei1_manager` WHERE `m_name` = '1' AND `password` = '1' LIMIT 1   [ RunTime:0.0010s ]
INFO: [ app_end ] --START--
INFO: Run Behavior\ShowPageTraceBehavior [ RunTime:0.004001s ]
INFO: [ app_end ] --END-- [ RunTime:0.005001s ]

[ 2017-05-16T13:43:00+08:00 ] 127.0.0.1 /benben/
INFO: [ app_init ] --START--
INFO: Run Behavior\BuildLiteBehavior [ RunTime:0.000000s ]
INFO: [ app_init ] --END-- [ RunTime:0.003000s ]
INFO: [ app_begin ] --START--
INFO: Run Behavior\ReadHtmlCacheBehavior [ RunTime:0.004000s ]
INFO: [ app_begin ] --END-- [ RunTime:0.006000s ]
SQL: SHOW COLUMNS FROM `lei1_site` [ RunTime:0.0030s ]
SQL: SHOW COLUMNS FROM `lei1_user` [ RunTime:0.0030s ]
SQL: SHOW COLUMNS FROM `lei1_house` [ RunTime:0.0030s ]
SQL: SHOW COLUMNS FROM `lei1_article` [ RunTime:0.0030s ]
SQL: SHOW COLUMNS FROM `lei1_zone` [ RunTime:0.0030s ]
SQL: SHOW COLUMNS FROM `lei1_recharge` [ RunTime:0.0030s ]
SQL: SHOW COLUMNS FROM `lei1_deal` [ RunTime:0.0030s ]
SQL: SHOW COLUMNS FROM `lei1_manager` [ RunTime:0.0030s ]
SQL: SELECT * FROM `lei1_manager` WHERE ( id=1 ) LIMIT 1   [ RunTime:0.0010s ]
SQL: SELECT `area_name`,`area_url` FROM `lei1_site`  [ RunTime:0.0000s ]
INFO: [ view_parse ] --START--
INFO: [ template_filter ] --START--
INFO: Run Behavior\ContentReplaceBehavior [ RunTime:0.001000s ]
INFO: [ template_filter ] --END-- [ RunTime:0.002000s ]
INFO: Run Behavior\ParseTemplateBehavior [ RunTime:0.071005s ]
INFO: [ view_parse ] --END-- [ RunTime:0.073005s ]
INFO: [ view_filter ] --START--
INFO: Run Behavior\WriteHtmlCacheBehavior [ RunTime:0.004000s ]
INFO: [ view_filter ] --END-- [ RunTime:0.006000s ]
INFO: [ app_end ] --START--
INFO: Run Behavior\ShowPageTraceBehavior [ RunTime:0.004000s ]
INFO: [ app_end ] --END-- [ RunTime:0.006000s ]

[ 2017-05-16T13:43:02+08:00 ] 127.0.0.1 /benben/housesInfo?_=1494913380979
INFO: [ app_init ] --START--
INFO: Run Behavior\BuildLiteBehavior [ RunTime:0.000000s ]
INFO: [ app_init ] --END-- [ RunTime:0.004001s ]
INFO: [ app_begin ] --START--
INFO: Run Behavior\ReadHtmlCacheBehavior [ RunTime:0.004000s ]
INFO: [ app_begin ] --END-- [ RunTime:0.005000s ]
SQL: SHOW COLUMNS FROM `lei1_site` [ RunTime:0.0030s ]
SQL: SHOW COLUMNS FROM `lei1_user` [ RunTime:0.0030s ]
SQL: SHOW COLUMNS FROM `lei1_house` [ RunTime:0.0020s ]
SQL: SHOW COLUMNS FROM `lei1_article` [ RunTime:0.0020s ]
SQL: SHOW COLUMNS FROM `lei1_zone` [ RunTime:0.0030s ]
SQL: SHOW COLUMNS FROM `lei1_recharge` [ RunTime:0.0020s ]
SQL: SHOW COLUMNS FROM `lei1_deal` [ RunTime:0.0030s ]
SQL: SHOW COLUMNS FROM `lei1_manager` [ RunTime:0.0020s ]
SQL: SELECT * FROM `lei1_manager` WHERE ( id=1 ) LIMIT 1   [ RunTime:0.0000s ]
INFO: [ view_parse ] --START--
INFO: [ template_filter ] --START--
INFO: Run Behavior\ContentReplaceBehavior [ RunTime:0.000000s ]
INFO: [ template_filter ] --END-- [ RunTime:0.002000s ]
INFO: Run Behavior\ParseTemplateBehavior [ RunTime:0.049003s ]
INFO: [ view_parse ] --END-- [ RunTime:0.051003s ]
INFO: [ view_filter ] --START--
INFO: Run Behavior\WriteHtmlCacheBehavior [ RunTime:0.004000s ]
INFO: [ view_filter ] --END-- [ RunTime:0.006000s ]
INFO: [ app_end ] --START--
INFO: Run Behavior\ShowPageTraceBehavior [ RunTime:0.004001s ]
INFO: [ app_end ] --END-- [ RunTime:0.005001s ]

[ 2017-05-16T13:43:02+08:00 ] 127.0.0.1 /benben/getHousesInfoList
INFO: [ app_init ] --START--
INFO: Run Behavior\BuildLiteBehavior [ RunTime:0.001001s ]
INFO: [ app_init ] --END-- [ RunTime:0.004001s ]
INFO: [ app_begin ] --START--
INFO: Run Behavior\ReadHtmlCacheBehavior [ RunTime:0.005000s ]
INFO: [ app_begin ] --END-- [ RunTime:0.005000s ]
SQL: SHOW COLUMNS FROM `lei1_site` [ RunTime:0.0030s ]
SQL: SHOW COLUMNS FROM `lei1_user` [ RunTime:0.0030s ]
SQL: SHOW COLUMNS FROM `lei1_house` [ RunTime:0.0030s ]
SQL: SHOW COLUMNS FROM `lei1_article` [ RunTime:0.0030s ]
SQL: SHOW COLUMNS FROM `lei1_zone` [ RunTime:0.0030s ]
SQL: SHOW COLUMNS FROM `lei1_recharge` [ RunTime:0.0030s ]
SQL: SHOW COLUMNS FROM `lei1_deal` [ RunTime:0.0030s ]
SQL: SHOW COLUMNS FROM `lei1_manager` [ RunTime:0.0030s ]
SQL: SELECT * FROM `lei1_manager` WHERE ( id=1 ) LIMIT 1   [ RunTime:0.0000s ]
SQL: SELECT COUNT(*) AS tp_count FROM `lei1_house` LIMIT 1   [ RunTime:0.0010s ]
SQL: SELECT * FROM `lei1_house` ORDER BY id desc LIMIT 0,10   [ RunTime:0.0010s ]
INFO: [ app_end ] --START--
INFO: Run Behavior\ShowPageTraceBehavior [ RunTime:0.004000s ]
INFO: [ app_end ] --END-- [ RunTime:0.005000s ]

[ 2017-05-16T13:43:02+08:00 ] 127.0.0.1 /benben/getHousesInfoList
INFO: [ app_init ] --START--
INFO: Run Behavior\BuildLiteBehavior [ RunTime:0.000000s ]
INFO: [ app_init ] --END-- [ RunTime:0.003000s ]
INFO: [ app_begin ] --START--
INFO: Run Behavior\ReadHtmlCacheBehavior [ RunTime:0.004001s ]
INFO: [ app_begin ] --END-- [ RunTime:0.006001s ]
SQL: SHOW COLUMNS FROM `lei1_site` [ RunTime:0.0040s ]
SQL: SHOW COLUMNS FROM `lei1_user` [ RunTime:0.0030s ]
SQL: SHOW COLUMNS FROM `lei1_house` [ RunTime:0.0030s ]
SQL: SHOW COLUMNS FROM `lei1_article` [ RunTime:0.0040s ]
SQL: SHOW COLUMNS FROM `lei1_zone` [ RunTime:0.0030s ]
SQL: SHOW COLUMNS FROM `lei1_recharge` [ RunTime:0.0030s ]
SQL: SHOW COLUMNS FROM `lei1_deal` [ RunTime:0.0030s ]
SQL: SHOW COLUMNS FROM `lei1_manager` [ RunTime:0.0020s ]
SQL: SELECT * FROM `lei1_manager` WHERE ( id=1 ) LIMIT 1   [ RunTime:0.0010s ]
SQL: SELECT COUNT(*) AS tp_count FROM `lei1_house` LIMIT 1   [ RunTime:0.0000s ]
SQL: SELECT * FROM `lei1_house` ORDER BY id desc LIMIT 0,10   [ RunTime:0.0010s ]
INFO: [ app_end ] --START--
INFO: Run Behavior\ShowPageTraceBehavior [ RunTime:0.004000s ]
INFO: [ app_end ] --END-- [ RunTime:0.005000s ]

[ 2017-05-16T13:43:05+08:00 ] 127.0.0.1 /benben/getHousesInfoList
INFO: [ app_init ] --START--
INFO: Run Behavior\BuildLiteBehavior [ RunTime:0.001000s ]
INFO: [ app_init ] --END-- [ RunTime:0.003000s ]
INFO: [ app_begin ] --START--
INFO: Run Behavior\ReadHtmlCacheBehavior [ RunTime:0.003000s ]
INFO: [ app_begin ] --END-- [ RunTime:0.005000s ]
SQL: SHOW COLUMNS FROM `lei1_site` [ RunTime:0.0040s ]
SQL: SHOW COLUMNS FROM `lei1_user` [ RunTime:0.0030s ]
SQL: SHOW COLUMNS FROM `lei1_house` [ RunTime:0.0030s ]
SQL: SHOW COLUMNS FROM `lei1_article` [ RunTime:0.0030s ]
SQL: SHOW COLUMNS FROM `lei1_zone` [ RunTime:0.0030s ]
SQL: SHOW COLUMNS FROM `lei1_recharge` [ RunTime:0.0030s ]
SQL: SHOW COLUMNS FROM `lei1_deal` [ RunTime:0.0020s ]
SQL: SHOW COLUMNS FROM `lei1_manager` [ RunTime:0.0020s ]
SQL: SELECT * FROM `lei1_manager` WHERE ( id=1 ) LIMIT 1   [ RunTime:0.0000s ]
SQL: SELECT COUNT(*) AS tp_count FROM `lei1_house` WHERE `house_type` = 1 LIMIT 1   [ RunTime:0.0010s ]
SQL: SELECT * FROM `lei1_house` WHERE `house_type` = 1 LIMIT 0,10   [ RunTime:0.0000s ]
INFO: [ app_end ] --START--
INFO: Run Behavior\ShowPageTraceBehavior [ RunTime:0.005000s ]
INFO: [ app_end ] --END-- [ RunTime:0.005000s ]

[ 2017-05-16T13:43:06+08:00 ] 127.0.0.1 /benben/getHousesInfoList
INFO: [ app_init ] --START--
INFO: Run Behavior\BuildLiteBehavior [ RunTime:0.000000s ]
INFO: [ app_init ] --END-- [ RunTime:0.003000s ]
INFO: [ app_begin ] --START--
INFO: Run Behavior\ReadHtmlCacheBehavior [ RunTime:0.004000s ]
INFO: [ app_begin ] --END-- [ RunTime:0.005000s ]
SQL: SHOW COLUMNS FROM `lei1_site` [ RunTime:0.0040s ]
SQL: SHOW COLUMNS FROM `lei1_user` [ RunTime:0.0040s ]
SQL: SHOW COLUMNS FROM `lei1_house` [ RunTime:0.0030s ]
SQL: SHOW COLUMNS FROM `lei1_article` [ RunTime:0.0030s ]
SQL: SHOW COLUMNS FROM `lei1_zone` [ RunTime:0.0030s ]
SQL: SHOW COLUMNS FROM `lei1_recharge` [ RunTime:0.0030s ]
SQL: SHOW COLUMNS FROM `lei1_deal` [ RunTime:0.0030s ]
SQL: SHOW COLUMNS FROM `lei1_manager` [ RunTime:0.0030s ]
SQL: SELECT * FROM `lei1_manager` WHERE ( id=1 ) LIMIT 1   [ RunTime:0.0000s ]
SQL: SELECT COUNT(*) AS tp_count FROM `lei1_house` LIMIT 1   [ RunTime:0.0010s ]
SQL: SELECT * FROM `lei1_house` ORDER BY id desc LIMIT 0,10   [ RunTime:0.0000s ]
INFO: [ app_end ] --START--
INFO: Run Behavior\ShowPageTraceBehavior [ RunTime:0.004000s ]
INFO: [ app_end ] --END-- [ RunTime:0.005000s ]

[ 2017-05-16T13:43:08+08:00 ] 127.0.0.1 /benben/getHousesInfoList
INFO: [ app_init ] --START--
INFO: Run Behavior\BuildLiteBehavior [ RunTime:0.001000s ]
INFO: [ app_init ] --END-- [ RunTime:0.003001s ]
INFO: [ app_begin ] --START--
INFO: Run Behavior\ReadHtmlCacheBehavior [ RunTime:0.005000s ]
INFO: [ app_begin ] --END-- [ RunTime:0.006000s ]
SQL: SHOW COLUMNS FROM `lei1_site` [ RunTime:0.0030s ]
SQL: SHOW COLUMNS FROM `lei1_user` [ RunTime:0.0040s ]
SQL: SHOW COLUMNS FROM `lei1_house` [ RunTime:0.0030s ]
SQL: SHOW COLUMNS FROM `lei1_article` [ RunTime:0.0030s ]
SQL: SHOW COLUMNS FROM `lei1_zone` [ RunTime:0.0030s ]
SQL: SHOW COLUMNS FROM `lei1_recharge` [ RunTime:0.0030s ]
SQL: SHOW COLUMNS FROM `lei1_deal` [ RunTime:0.0030s ]
SQL: SHOW COLUMNS FROM `lei1_manager` [ RunTime:0.0030s ]
SQL: SELECT * FROM `lei1_manager` WHERE ( id=1 ) LIMIT 1   [ RunTime:0.0000s ]
SQL: SELECT COUNT(*) AS tp_count FROM `lei1_house` WHERE (  `id` LIKE '%w %' OR `title` LIKE '%w %' OR `personal_name` LIKE '%w %' OR `personal_tel` LIKE '%w %' ) LIMIT 1   [ RunTime:0.0000s ]
SQL: SELECT * FROM `lei1_house` WHERE (  `id` LIKE '%w %' OR `title` LIKE '%w %' OR `personal_name` LIKE '%w %' OR `personal_tel` LIKE '%w %' ) LIMIT 0,10   [ RunTime:0.0000s ]
INFO: [ app_end ] --START--
INFO: Run Behavior\ShowPageTraceBehavior [ RunTime:0.005000s ]
INFO: [ app_end ] --END-- [ RunTime:0.005000s ]

[ 2017-05-16T13:43:09+08:00 ] 127.0.0.1 /benben/getHousesInfoList
INFO: [ app_init ] --START--
INFO: Run Behavior\BuildLiteBehavior [ RunTime:0.000000s ]
INFO: [ app_init ] --END-- [ RunTime:0.003000s ]
INFO: [ app_begin ] --START--
INFO: Run Behavior\ReadHtmlCacheBehavior [ RunTime:0.004001s ]
INFO: [ app_begin ] --END-- [ RunTime:0.005001s ]
SQL: SHOW COLUMNS FROM `lei1_site` [ RunTime:0.0030s ]
SQL: SHOW COLUMNS FROM `lei1_user` [ RunTime:0.0030s ]
SQL: SHOW COLUMNS FROM `lei1_house` [ RunTime:0.0030s ]
SQL: SHOW COLUMNS FROM `lei1_article` [ RunTime:0.0030s ]
SQL: SHOW COLUMNS FROM `lei1_zone` [ RunTime:0.0040s ]
SQL: SHOW COLUMNS FROM `lei1_recharge` [ RunTime:0.0030s ]
SQL: SHOW COLUMNS FROM `lei1_deal` [ RunTime:0.0020s ]
SQL: SHOW COLUMNS FROM `lei1_manager` [ RunTime:0.0030s ]
SQL: SELECT * FROM `lei1_manager` WHERE ( id=1 ) LIMIT 1   [ RunTime:0.0000s ]
SQL: SELECT COUNT(*) AS tp_count FROM `lei1_house` WHERE (  `id` LIKE '%w %' OR `title` LIKE '%w %' OR `personal_name` LIKE '%w %' OR `personal_tel` LIKE '%w %' ) LIMIT 1   [ RunTime:0.0010s ]
SQL: SELECT * FROM `lei1_house` WHERE (  `id` LIKE '%w %' OR `title` LIKE '%w %' OR `personal_name` LIKE '%w %' OR `personal_tel` LIKE '%w %' ) LIMIT 0,10   [ RunTime:0.0010s ]
INFO: [ app_end ] --START--
INFO: Run Behavior\ShowPageTraceBehavior [ RunTime:0.004000s ]
INFO: [ app_end ] --END-- [ RunTime:0.005000s ]

[ 2017-05-16T13:43:09+08:00 ] 127.0.0.1 /benben/getHousesInfoList
INFO: [ app_init ] --START--
INFO: Run Behavior\BuildLiteBehavior [ RunTime:0.000000s ]
INFO: [ app_init ] --END-- [ RunTime:0.003000s ]
INFO: [ app_begin ] --START--
INFO: Run Behavior\ReadHtmlCacheBehavior [ RunTime:0.004000s ]
INFO: [ app_begin ] --END-- [ RunTime:0.005001s ]
SQL: SHOW COLUMNS FROM `lei1_site` [ RunTime:0.0030s ]
SQL: SHOW COLUMNS FROM `lei1_user` [ RunTime:0.0040s ]
SQL: SHOW COLUMNS FROM `lei1_house` [ RunTime:0.0030s ]
SQL: SHOW COLUMNS FROM `lei1_article` [ RunTime:0.0030s ]
SQL: SHOW COLUMNS FROM `lei1_zone` [ RunTime:0.0040s ]
SQL: SHOW COLUMNS FROM `lei1_recharge` [ RunTime:0.0030s ]
SQL: SHOW COLUMNS FROM `lei1_deal` [ RunTime:0.0030s ]
SQL: SHOW COLUMNS FROM `lei1_manager` [ RunTime:0.0030s ]
SQL: SELECT * FROM `lei1_manager` WHERE ( id=1 ) LIMIT 1   [ RunTime:0.0000s ]
SQL: SELECT COUNT(*) AS tp_count FROM `lei1_house` WHERE (  `id` LIKE '%w%' OR `title` LIKE '%w%' OR `personal_name` LIKE '%w%' OR `personal_tel` LIKE '%w%' ) LIMIT 1   [ RunTime:0.0010s ]
SQL: SELECT * FROM `lei1_house` WHERE (  `id` LIKE '%w%' OR `title` LIKE '%w%' OR `personal_name` LIKE '%w%' OR `personal_tel` LIKE '%w%' ) LIMIT 0,10   [ RunTime:0.0010s ]
INFO: [ app_end ] --START--
INFO: Run Behavior\ShowPageTraceBehavior [ RunTime:0.004000s ]
INFO: [ app_end ] --END-- [ RunTime:0.005000s ]

[ 2017-05-16T13:43:09+08:00 ] 127.0.0.1 /benben/getHousesInfoList
INFO: [ app_init ] --START--
INFO: Run Behavior\BuildLiteBehavior [ RunTime:0.000000s ]
INFO: [ app_init ] --END-- [ RunTime:0.003000s ]
INFO: [ app_begin ] --START--
INFO: Run Behavior\ReadHtmlCacheBehavior [ RunTime:0.005000s ]
INFO: [ app_begin ] --END-- [ RunTime:0.006000s ]
SQL: SHOW COLUMNS FROM `lei1_site` [ RunTime:0.0040s ]
SQL: SHOW COLUMNS FROM `lei1_user` [ RunTime:0.0030s ]
SQL: SHOW COLUMNS FROM `lei1_house` [ RunTime:0.0030s ]
SQL: SHOW COLUMNS FROM `lei1_article` [ RunTime:0.0020s ]
SQL: SHOW COLUMNS FROM `lei1_zone` [ RunTime:0.0030s ]
SQL: SHOW COLUMNS FROM `lei1_recharge` [ RunTime:0.0020s ]
SQL: SHOW COLUMNS FROM `lei1_deal` [ RunTime:0.0030s ]
SQL: SHOW COLUMNS FROM `lei1_manager` [ RunTime:0.0030s ]
SQL: SELECT * FROM `lei1_manager` WHERE ( id=1 ) LIMIT 1   [ RunTime:0.0010s ]
SQL: SELECT COUNT(*) AS tp_count FROM `lei1_house` LIMIT 1   [ RunTime:0.0000s ]
SQL: SELECT * FROM `lei1_house` ORDER BY id desc LIMIT 0,10   [ RunTime:0.0010s ]
INFO: [ app_end ] --START--
INFO: Run Behavior\ShowPageTraceBehavior [ RunTime:0.004001s ]
INFO: [ app_end ] --END-- [ RunTime:0.005001s ]

[ 2017-05-16T13:43:10+08:00 ] 127.0.0.1 /benben/getHousesInfoList
INFO: [ app_init ] --START--
INFO: Run Behavior\BuildLiteBehavior [ RunTime:0.000000s ]
INFO: [ app_init ] --END-- [ RunTime:0.003000s ]
INFO: [ app_begin ] --START--
INFO: Run Behavior\ReadHtmlCacheBehavior [ RunTime:0.004000s ]
INFO: [ app_begin ] --END-- [ RunTime:0.005000s ]
SQL: SHOW COLUMNS FROM `lei1_site` [ RunTime:0.0030s ]
SQL: SHOW COLUMNS FROM `lei1_user` [ RunTime:0.0030s ]
SQL: SHOW COLUMNS FROM `lei1_house` [ RunTime:0.0030s ]
SQL: SHOW COLUMNS FROM `lei1_article` [ RunTime:0.0030s ]
SQL: SHOW COLUMNS FROM `lei1_zone` [ RunTime:0.0030s ]
SQL: SHOW COLUMNS FROM `lei1_recharge` [ RunTime:0.0030s ]
SQL: SHOW COLUMNS FROM `lei1_deal` [ RunTime:0.0030s ]
SQL: SHOW COLUMNS FROM `lei1_manager` [ RunTime:0.0030s ]
SQL: SELECT * FROM `lei1_manager` WHERE ( id=1 ) LIMIT 1   [ RunTime:0.0010s ]
SQL: SELECT COUNT(*) AS tp_count FROM `lei1_house` LIMIT 1   [ RunTime:0.0000s ]
SQL: SELECT * FROM `lei1_house` ORDER BY id desc LIMIT 0,10   [ RunTime:0.0000s ]
INFO: [ app_end ] --START--
INFO: Run Behavior\ShowPageTraceBehavior [ RunTime:0.004001s ]
INFO: [ app_end ] --END-- [ RunTime:0.006001s ]

[ 2017-05-16T13:43:10+08:00 ] 127.0.0.1 /benben/getHousesInfoList
INFO: [ app_init ] --START--
INFO: Run Behavior\BuildLiteBehavior [ RunTime:0.000000s ]
INFO: [ app_init ] --END-- [ RunTime:0.003000s ]
INFO: [ app_begin ] --START--
INFO: Run Behavior\ReadHtmlCacheBehavior [ RunTime:0.004000s ]
INFO: [ app_begin ] --END-- [ RunTime:0.006001s ]
SQL: SHOW COLUMNS FROM `lei1_site` [ RunTime:0.0040s ]
SQL: SHOW COLUMNS FROM `lei1_user` [ RunTime:0.0030s ]
SQL: SHOW COLUMNS FROM `lei1_house` [ RunTime:0.0040s ]
SQL: SHOW COLUMNS FROM `lei1_article` [ RunTime:0.0030s ]
SQL: SHOW COLUMNS FROM `lei1_zone` [ RunTime:0.0030s ]
SQL: SHOW COLUMNS FROM `lei1_recharge` [ RunTime:0.0030s ]
SQL: SHOW COLUMNS FROM `lei1_deal` [ RunTime:0.0030s ]
SQL: SHOW COLUMNS FROM `lei1_manager` [ RunTime:0.0030s ]
SQL: SELECT * FROM `lei1_manager` WHERE ( id=1 ) LIMIT 1   [ RunTime:0.0010s ]
SQL: SELECT COUNT(*) AS tp_count FROM `lei1_house` LIMIT 1   [ RunTime:0.0010s ]
SQL: SELECT * FROM `lei1_house` ORDER BY id desc LIMIT 0,10   [ RunTime:0.0000s ]
INFO: [ app_end ] --START--
INFO: Run Behavior\ShowPageTraceBehavior [ RunTime:0.005001s ]
INFO: [ app_end ] --END-- [ RunTime:0.005001s ]

[ 2017-05-16T13:43:10+08:00 ] 127.0.0.1 /benben/getHousesInfoList
INFO: [ app_init ] --START--
INFO: Run Behavior\BuildLiteBehavior [ RunTime:0.001000s ]
INFO: [ app_init ] --END-- [ RunTime:0.004000s ]
INFO: [ app_begin ] --START--
INFO: Run Behavior\ReadHtmlCacheBehavior [ RunTime:0.004001s ]
INFO: [ app_begin ] --END-- [ RunTime:0.006001s ]
SQL: SHOW COLUMNS FROM `lei1_site` [ RunTime:0.0030s ]
SQL: SHOW COLUMNS FROM `lei1_user` [ RunTime:0.0040s ]
SQL: SHOW COLUMNS FROM `lei1_house` [ RunTime:0.0030s ]
SQL: SHOW COLUMNS FROM `lei1_article` [ RunTime:0.0030s ]
SQL: SHOW COLUMNS FROM `lei1_zone` [ RunTime:0.0030s ]
SQL: SHOW COLUMNS FROM `lei1_recharge` [ RunTime:0.0030s ]
SQL: SHOW COLUMNS FROM `lei1_deal` [ RunTime:0.0030s ]
SQL: SHOW COLUMNS FROM `lei1_manager` [ RunTime:0.0030s ]
SQL: SELECT * FROM `lei1_manager` WHERE ( id=1 ) LIMIT 1   [ RunTime:0.0000s ]
SQL: SELECT COUNT(*) AS tp_count FROM `lei1_house` WHERE (  `id` LIKE '%我%' OR `title` LIKE '%我%' OR `personal_name` LIKE '%我%' OR `personal_tel` LIKE '%我%' ) LIMIT 1   [ RunTime:0.0000s ]
SQL: SELECT * FROM `lei1_house` WHERE (  `id` LIKE '%我%' OR `title` LIKE '%我%' OR `personal_name` LIKE '%我%' OR `personal_tel` LIKE '%我%' ) LIMIT 0,10   [ RunTime:0.0010s ]
INFO: [ app_end ] --START--
INFO: Run Behavior\ShowPageTraceBehavior [ RunTime:0.004000s ]
INFO: [ app_end ] --END-- [ RunTime:0.005000s ]

[ 2017-05-16T13:43:10+08:00 ] 127.0.0.1 /benben/getHousesInfoList
INFO: [ app_init ] --START--
INFO: Run Behavior\BuildLiteBehavior [ RunTime:0.000000s ]
INFO: [ app_init ] --END-- [ RunTime:0.004001s ]
INFO: [ app_begin ] --START--
INFO: Run Behavior\ReadHtmlCacheBehavior [ RunTime:0.004000s ]
INFO: [ app_begin ] --END-- [ RunTime:0.006000s ]
SQL: SHOW COLUMNS FROM `lei1_site` [ RunTime:0.0030s ]
SQL: SHOW COLUMNS FROM `lei1_user` [ RunTime:0.0030s ]
SQL: SHOW COLUMNS FROM `lei1_house` [ RunTime:0.0030s ]
SQL: SHOW COLUMNS FROM `lei1_article` [ RunTime:0.0040s ]
SQL: SHOW COLUMNS FROM `lei1_zone` [ RunTime:0.0040s ]
SQL: SHOW COLUMNS FROM `lei1_recharge` [ RunTime:0.0030s ]
SQL: SHOW COLUMNS FROM `lei1_deal` [ RunTime:0.0030s ]
SQL: SHOW COLUMNS FROM `lei1_manager` [ RunTime:0.0020s ]
SQL: SELECT * FROM `lei1_manager` WHERE ( id=1 ) LIMIT 1   [ RunTime:0.0000s ]
SQL: SELECT COUNT(*) AS tp_count FROM `lei1_house` WHERE (  `id` LIKE '%我%' OR `title` LIKE '%我%' OR `personal_name` LIKE '%我%' OR `personal_tel` LIKE '%我%' ) LIMIT 1   [ RunTime:0.0000s ]
SQL: SELECT * FROM `lei1_house` WHERE (  `id` LIKE '%我%' OR `title` LIKE '%我%' OR `personal_name` LIKE '%我%' OR `personal_tel` LIKE '%我%' ) LIMIT 0,10   [ RunTime:0.0010s ]
INFO: [ app_end ] --START--
INFO: Run Behavior\ShowPageTraceBehavior [ RunTime:0.004000s ]
INFO: [ app_end ] --END-- [ RunTime:0.006000s ]

[ 2017-05-16T13:43:10+08:00 ] 127.0.0.1 /benben/getHousesInfoList
INFO: [ app_init ] --START--
INFO: Run Behavior\BuildLiteBehavior [ RunTime:0.000000s ]
INFO: [ app_init ] --END-- [ RunTime:0.003000s ]
INFO: [ app_begin ] --START--
INFO: Run Behavior\ReadHtmlCacheBehavior [ RunTime:0.004000s ]
INFO: [ app_begin ] --END-- [ RunTime:0.005000s ]
SQL: SHOW COLUMNS FROM `lei1_site` [ RunTime:0.0040s ]
SQL: SHOW COLUMNS FROM `lei1_user` [ RunTime:0.0030s ]
SQL: SHOW COLUMNS FROM `lei1_house` [ RunTime:0.0050s ]
SQL: SHOW COLUMNS FROM `lei1_article` [ RunTime:0.0030s ]
SQL: SHOW COLUMNS FROM `lei1_zone` [ RunTime:0.0030s ]
SQL: SHOW COLUMNS FROM `lei1_recharge` [ RunTime:0.0030s ]
SQL: SHOW COLUMNS FROM `lei1_deal` [ RunTime:0.0030s ]
SQL: SHOW COLUMNS FROM `lei1_manager` [ RunTime:0.0030s ]
SQL: SELECT * FROM `lei1_manager` WHERE ( id=1 ) LIMIT 1   [ RunTime:0.0000s ]
SQL: SELECT COUNT(*) AS tp_count FROM `lei1_house` WHERE (  `id` LIKE '%我qu%' OR `title` LIKE '%我qu%' OR `personal_name` LIKE '%我qu%' OR `personal_tel` LIKE '%我qu%' ) LIMIT 1   [ RunTime:0.0010s ]
SQL: SELECT * FROM `lei1_house` WHERE (  `id` LIKE '%我qu%' OR `title` LIKE '%我qu%' OR `personal_name` LIKE '%我qu%' OR `personal_tel` LIKE '%我qu%' ) LIMIT 0,10   [ RunTime:0.0000s ]
INFO: [ app_end ] --START--
INFO: Run Behavior\ShowPageTraceBehavior [ RunTime:0.004000s ]
INFO: [ app_end ] --END-- [ RunTime:0.005000s ]

[ 2017-05-16T13:43:10+08:00 ] 127.0.0.1 /benben/getHousesInfoList
INFO: [ app_init ] --START--
INFO: Run Behavior\BuildLiteBehavior [ RunTime:0.000000s ]
INFO: [ app_init ] --END-- [ RunTime:0.003000s ]
INFO: [ app_begin ] --START--
INFO: Run Behavior\ReadHtmlCacheBehavior [ RunTime:0.004000s ]
INFO: [ app_begin ] --END-- [ RunTime:0.006000s ]
SQL: SHOW COLUMNS FROM `lei1_site` [ RunTime:0.0030s ]
SQL: SHOW COLUMNS FROM `lei1_user` [ RunTime:0.0030s ]
SQL: SHOW COLUMNS FROM `lei1_house` [ RunTime:0.0030s ]
SQL: SHOW COLUMNS FROM `lei1_article` [ RunTime:0.0030s ]
SQL: SHOW COLUMNS FROM `lei1_zone` [ RunTime:0.0030s ]
SQL: SHOW COLUMNS FROM `lei1_recharge` [ RunTime:0.0030s ]
SQL: SHOW COLUMNS FROM `lei1_deal` [ RunTime:0.0030s ]
SQL: SHOW COLUMNS FROM `lei1_manager` [ RunTime:0.0030s ]
SQL: SELECT * FROM `lei1_manager` WHERE ( id=1 ) LIMIT 1   [ RunTime:0.0010s ]
SQL: SELECT COUNT(*) AS tp_count FROM `lei1_house` WHERE (  `id` LIKE '%我qu%' OR `title` LIKE '%我qu%' OR `personal_name` LIKE '%我qu%' OR `personal_tel` LIKE '%我qu%' ) LIMIT 1   [ RunTime:0.0010s ]
SQL: SELECT * FROM `lei1_house` WHERE (  `id` LIKE '%我qu%' OR `title` LIKE '%我qu%' OR `personal_name` LIKE '%我qu%' OR `personal_tel` LIKE '%我qu%' ) LIMIT 0,10   [ RunTime:0.0010s ]
INFO: [ app_end ] --START--
INFO: Run Behavior\ShowPageTraceBehavior [ RunTime:0.004001s ]
INFO: [ app_end ] --END-- [ RunTime:0.005001s ]

[ 2017-05-16T13:43:11+08:00 ] 127.0.0.1 /benben/getHousesInfoList
INFO: [ app_init ] --START--
INFO: Run Behavior\BuildLiteBehavior [ RunTime:0.000000s ]
INFO: [ app_init ] --END-- [ RunTime:0.003000s ]
INFO: [ app_begin ] --START--
INFO: Run Behavior\ReadHtmlCacheBehavior [ RunTime:0.004000s ]
INFO: [ app_begin ] --END-- [ RunTime:0.005000s ]
SQL: SHOW COLUMNS FROM `lei1_site` [ RunTime:0.0030s ]
SQL: SHOW COLUMNS FROM `lei1_user` [ RunTime:0.0030s ]
SQL: SHOW COLUMNS FROM `lei1_house` [ RunTime:0.0020s ]
SQL: SHOW COLUMNS FROM `lei1_article` [ RunTime:0.0030s ]
SQL: SHOW COLUMNS FROM `lei1_zone` [ RunTime:0.0030s ]
SQL: SHOW COLUMNS FROM `lei1_recharge` [ RunTime:0.0030s ]
SQL: SHOW COLUMNS FROM `lei1_deal` [ RunTime:0.0030s ]
SQL: SHOW COLUMNS FROM `lei1_manager` [ RunTime:0.0030s ]
SQL: SELECT * FROM `lei1_manager` WHERE ( id=1 ) LIMIT 1   [ RunTime:0.0010s ]
SQL: SELECT COUNT(*) AS tp_count FROM `lei1_house` WHERE (  `id` LIKE '%我去%' OR `title` LIKE '%我去%' OR `personal_name` LIKE '%我去%' OR `personal_tel` LIKE '%我去%' ) LIMIT 1   [ RunTime:0.0010s ]
SQL: SELECT * FROM `lei1_house` WHERE (  `id` LIKE '%我去%' OR `title` LIKE '%我去%' OR `personal_name` LIKE '%我去%' OR `personal_tel` LIKE '%我去%' ) LIMIT 0,10   [ RunTime:0.0000s ]
INFO: [ app_end ] --START--
INFO: Run Behavior\ShowPageTraceBehavior [ RunTime:0.004000s ]
INFO: [ app_end ] --END-- [ RunTime:0.006000s ]

[ 2017-05-16T13:43:12+08:00 ] 127.0.0.1 /benben/getHousesInfoList
INFO: [ app_init ] --START--
INFO: Run Behavior\BuildLiteBehavior [ RunTime:0.001000s ]
INFO: [ app_init ] --END-- [ RunTime:0.003000s ]
INFO: [ app_begin ] --START--
INFO: Run Behavior\ReadHtmlCacheBehavior [ RunTime:0.004001s ]
INFO: [ app_begin ] --END-- [ RunTime:0.005001s ]
SQL: SHOW COLUMNS FROM `lei1_site` [ RunTime:0.0030s ]
SQL: SHOW COLUMNS FROM `lei1_user` [ RunTime:0.0030s ]
SQL: SHOW COLUMNS FROM `lei1_house` [ RunTime:0.0030s ]
SQL: SHOW COLUMNS FROM `lei1_article` [ RunTime:0.0020s ]
SQL: SHOW COLUMNS FROM `lei1_zone` [ RunTime:0.0030s ]
SQL: SHOW COLUMNS FROM `lei1_recharge` [ RunTime:0.0030s ]
SQL: SHOW COLUMNS FROM `lei1_deal` [ RunTime:0.0040s ]
SQL: SHOW COLUMNS FROM `lei1_manager` [ RunTime:0.0030s ]
SQL: SELECT * FROM `lei1_manager` WHERE ( id=1 ) LIMIT 1   [ RunTime:0.0000s ]
SQL: SELECT COUNT(*) AS tp_count FROM `lei1_house` WHERE (  `id` LIKE '%我%' OR `title` LIKE '%我%' OR `personal_name` LIKE '%我%' OR `personal_tel` LIKE '%我%' ) LIMIT 1   [ RunTime:0.0000s ]
SQL: SELECT * FROM `lei1_house` WHERE (  `id` LIKE '%我%' OR `title` LIKE '%我%' OR `personal_name` LIKE '%我%' OR `personal_tel` LIKE '%我%' ) LIMIT 0,10   [ RunTime:0.0010s ]
INFO: [ app_end ] --START--
INFO: Run Behavior\ShowPageTraceBehavior [ RunTime:0.004000s ]
INFO: [ app_end ] --END-- [ RunTime:0.005000s ]

[ 2017-05-16T13:43:13+08:00 ] 127.0.0.1 /benben/getHousesInfoList
INFO: [ app_init ] --START--
INFO: Run Behavior\BuildLiteBehavior [ RunTime:0.000000s ]
INFO: [ app_init ] --END-- [ RunTime:0.003000s ]
INFO: [ app_begin ] --START--
INFO: Run Behavior\ReadHtmlCacheBehavior [ RunTime:0.004000s ]
INFO: [ app_begin ] --END-- [ RunTime:0.006000s ]
SQL: SHOW COLUMNS FROM `lei1_site` [ RunTime:0.0040s ]
SQL: SHOW COLUMNS FROM `lei1_user` [ RunTime:0.0030s ]
SQL: SHOW COLUMNS FROM `lei1_house` [ RunTime:0.0040s ]
SQL: SHOW COLUMNS FROM `lei1_article` [ RunTime:0.0030s ]
SQL: SHOW COLUMNS FROM `lei1_zone` [ RunTime:0.0030s ]
SQL: SHOW COLUMNS FROM `lei1_recharge` [ RunTime:0.0040s ]
SQL: SHOW COLUMNS FROM `lei1_deal` [ RunTime:0.0030s ]
SQL: SHOW COLUMNS FROM `lei1_manager` [ RunTime:0.0030s ]
SQL: SELECT * FROM `lei1_manager` WHERE ( id=1 ) LIMIT 1   [ RunTime:0.0000s ]
SQL: SELECT COUNT(*) AS tp_count FROM `lei1_house` LIMIT 1   [ RunTime:0.0010s ]
SQL: SELECT * FROM `lei1_house` ORDER BY id desc LIMIT 0,10   [ RunTime:0.0000s ]
INFO: [ app_end ] --START--
INFO: Run Behavior\ShowPageTraceBehavior [ RunTime:0.004000s ]
INFO: [ app_end ] --END-- [ RunTime:0.006000s ]

[ 2017-05-16T13:43:13+08:00 ] 127.0.0.1 /benben/getHousesInfoList
INFO: [ app_init ] --START--
INFO: Run Behavior\BuildLiteBehavior [ RunTime:0.000000s ]
INFO: [ app_init ] --END-- [ RunTime:0.003000s ]
INFO: [ app_begin ] --START--
INFO: Run Behavior\ReadHtmlCacheBehavior [ RunTime:0.004001s ]
INFO: [ app_begin ] --END-- [ RunTime:0.005001s ]
SQL: SHOW COLUMNS FROM `lei1_site` [ RunTime:0.0030s ]
SQL: SHOW COLUMNS FROM `lei1_user` [ RunTime:0.0030s ]
SQL: SHOW COLUMNS FROM `lei1_house` [ RunTime:0.0030s ]
SQL: SHOW COLUMNS FROM `lei1_article` [ RunTime:0.0030s ]
SQL: SHOW COLUMNS FROM `lei1_zone` [ RunTime:0.0030s ]
SQL: SHOW COLUMNS FROM `lei1_recharge` [ RunTime:0.0030s ]
SQL: SHOW COLUMNS FROM `lei1_deal` [ RunTime:0.0030s ]
SQL: SHOW COLUMNS FROM `lei1_manager` [ RunTime:0.0030s ]
SQL: SELECT * FROM `lei1_manager` WHERE ( id=1 ) LIMIT 1   [ RunTime:0.0010s ]
SQL: SELECT COUNT(*) AS tp_count FROM `lei1_house` WHERE (  `id` LIKE '%我%' OR `title` LIKE '%我%' OR `personal_name` LIKE '%我%' OR `personal_tel` LIKE '%我%' ) LIMIT 1   [ RunTime:0.0010s ]
SQL: SELECT * FROM `lei1_house` WHERE (  `id` LIKE '%我%' OR `title` LIKE '%我%' OR `personal_name` LIKE '%我%' OR `personal_tel` LIKE '%我%' ) LIMIT 0,10   [ RunTime:0.0000s ]
INFO: [ app_end ] --START--
INFO: Run Behavior\ShowPageTraceBehavior [ RunTime:0.004000s ]
INFO: [ app_end ] --END-- [ RunTime:0.005000s ]

[ 2017-05-16T13:43:13+08:00 ] 127.0.0.1 /benben/getHousesInfoList
INFO: [ app_init ] --START--
INFO: Run Behavior\BuildLiteBehavior [ RunTime:0.000000s ]
INFO: [ app_init ] --END-- [ RunTime:0.003000s ]
INFO: [ app_begin ] --START--
INFO: Run Behavior\ReadHtmlCacheBehavior [ RunTime:0.006000s ]
INFO: [ app_begin ] --END-- [ RunTime:0.007000s ]
SQL: SHOW COLUMNS FROM `lei1_site` [ RunTime:0.0040s ]
SQL: SHOW COLUMNS FROM `lei1_user` [ RunTime:0.0030s ]
SQL: SHOW COLUMNS FROM `lei1_house` [ RunTime:0.0030s ]
SQL: SHOW COLUMNS FROM `lei1_article` [ RunTime:0.0030s ]
SQL: SHOW COLUMNS FROM `lei1_zone` [ RunTime:0.0020s ]
SQL: SHOW COLUMNS FROM `lei1_recharge` [ RunTime:0.0030s ]
SQL: SHOW COLUMNS FROM `lei1_deal` [ RunTime:0.0020s ]
SQL: SHOW COLUMNS FROM `lei1_manager` [ RunTime:0.0030s ]
SQL: SELECT * FROM `lei1_manager` WHERE ( id=1 ) LIMIT 1   [ RunTime:0.0000s ]
SQL: SELECT COUNT(*) AS tp_count FROM `lei1_house` WHERE (  `id` LIKE '%我%' OR `title` LIKE '%我%' OR `personal_name` LIKE '%我%' OR `personal_tel` LIKE '%我%' ) LIMIT 1   [ RunTime:0.0000s ]
SQL: SELECT * FROM `lei1_house` WHERE (  `id` LIKE '%我%' OR `title` LIKE '%我%' OR `personal_name` LIKE '%我%' OR `personal_tel` LIKE '%我%' ) LIMIT 0,10   [ RunTime:0.0000s ]
INFO: [ app_end ] --START--
INFO: Run Behavior\ShowPageTraceBehavior [ RunTime:0.004001s ]
INFO: [ app_end ] --END-- [ RunTime:0.005001s ]

[ 2017-05-16T13:43:14+08:00 ] 127.0.0.1 /benben/getHousesInfoList
INFO: [ app_init ] --START--
INFO: Run Behavior\BuildLiteBehavior [ RunTime:0.000000s ]
INFO: [ app_init ] --END-- [ RunTime:0.003000s ]
INFO: [ app_begin ] --START--
INFO: Run Behavior\ReadHtmlCacheBehavior [ RunTime:0.004000s ]
INFO: [ app_begin ] --END-- [ RunTime:0.006000s ]
SQL: SHOW COLUMNS FROM `lei1_site` [ RunTime:0.0040s ]
SQL: SHOW COLUMNS FROM `lei1_user` [ RunTime:0.0030s ]
SQL: SHOW COLUMNS FROM `lei1_house` [ RunTime:0.0030s ]
SQL: SHOW COLUMNS FROM `lei1_article` [ RunTime:0.0030s ]
SQL: SHOW COLUMNS FROM `lei1_zone` [ RunTime:0.0030s ]
SQL: SHOW COLUMNS FROM `lei1_recharge` [ RunTime:0.0020s ]
SQL: SHOW COLUMNS FROM `lei1_deal` [ RunTime:0.0030s ]
SQL: SHOW COLUMNS FROM `lei1_manager` [ RunTime:0.0020s ]
SQL: SELECT * FROM `lei1_manager` WHERE ( id=1 ) LIMIT 1   [ RunTime:0.0010s ]
SQL: SELECT COUNT(*) AS tp_count FROM `lei1_house` WHERE (  `id` LIKE '%我的%' OR `title` LIKE '%我的%' OR `personal_name` LIKE '%我的%' OR `personal_tel` LIKE '%我的%' ) LIMIT 1   [ RunTime:0.0000s ]
SQL: SELECT * FROM `lei1_house` WHERE (  `id` LIKE '%我的%' OR `title` LIKE '%我的%' OR `personal_name` LIKE '%我的%' OR `personal_tel` LIKE '%我的%' ) LIMIT 0,10   [ RunTime:0.0000s ]
INFO: [ app_end ] --START--
INFO: Run Behavior\ShowPageTraceBehavior [ RunTime:0.004000s ]
INFO: [ app_end ] --END-- [ RunTime:0.006000s ]

[ 2017-05-16T13:43:14+08:00 ] 127.0.0.1 /benben/getHousesInfoList
INFO: [ app_init ] --START--
INFO: Run Behavior\BuildLiteBehavior [ RunTime:0.001000s ]
INFO: [ app_init ] --END-- [ RunTime:0.003000s ]
INFO: [ app_begin ] --START--
INFO: Run Behavior\ReadHtmlCacheBehavior [ RunTime:0.004000s ]
INFO: [ app_begin ] --END-- [ RunTime:0.005001s ]
SQL: SHOW COLUMNS FROM `lei1_site` [ RunTime:0.0040s ]
SQL: SHOW COLUMNS FROM `lei1_user` [ RunTime:0.0030s ]
SQL: SHOW COLUMNS FROM `lei1_house` [ RunTime:0.0030s ]
SQL: SHOW COLUMNS FROM `lei1_article` [ RunTime:0.0030s ]
SQL: SHOW COLUMNS FROM `lei1_zone` [ RunTime:0.0030s ]
SQL: SHOW COLUMNS FROM `lei1_recharge` [ RunTime:0.0020s ]
SQL: SHOW COLUMNS FROM `lei1_deal` [ RunTime:0.0030s ]
SQL: SHOW COLUMNS FROM `lei1_manager` [ RunTime:0.0030s ]
SQL: SELECT * FROM `lei1_manager` WHERE ( id=1 ) LIMIT 1   [ RunTime:0.0000s ]
SQL: SELECT COUNT(*) AS tp_count FROM `lei1_house` WHERE (  `id` LIKE '%我的%' OR `title` LIKE '%我的%' OR `personal_name` LIKE '%我的%' OR `personal_tel` LIKE '%我的%' ) LIMIT 1   [ RunTime:0.0010s ]
SQL: SELECT * FROM `lei1_house` WHERE (  `id` LIKE '%我的%' OR `title` LIKE '%我的%' OR `personal_name` LIKE '%我的%' OR `personal_tel` LIKE '%我的%' ) LIMIT 0,10   [ RunTime:0.0000s ]
INFO: [ app_end ] --START--
INFO: Run Behavior\ShowPageTraceBehavior [ RunTime:0.004001s ]
INFO: [ app_end ] --END-- [ RunTime:0.005001s ]

[ 2017-05-16T13:43:14+08:00 ] 127.0.0.1 /benben/getHousesInfoList
INFO: [ app_init ] --START--
INFO: Run Behavior\BuildLiteBehavior [ RunTime:0.001001s ]
INFO: [ app_init ] --END-- [ RunTime:0.004001s ]
INFO: [ app_begin ] --START--
INFO: Run Behavior\ReadHtmlCacheBehavior [ RunTime:0.005000s ]
INFO: [ app_begin ] --END-- [ RunTime:0.006000s ]
SQL: SHOW COLUMNS FROM `lei1_site` [ RunTime:0.0030s ]
SQL: SHOW COLUMNS FROM `lei1_user` [ RunTime:0.0030s ]
SQL: SHOW COLUMNS FROM `lei1_house` [ RunTime:0.0030s ]
SQL: SHOW COLUMNS FROM `lei1_article` [ RunTime:0.0030s ]
SQL: SHOW COLUMNS FROM `lei1_zone` [ RunTime:0.0030s ]
SQL: SHOW COLUMNS FROM `lei1_recharge` [ RunTime:0.0030s ]
SQL: SHOW COLUMNS FROM `lei1_deal` [ RunTime:0.0040s ]
SQL: SHOW COLUMNS FROM `lei1_manager` [ RunTime:0.0030s ]
SQL: SELECT * FROM `lei1_manager` WHERE ( id=1 ) LIMIT 1   [ RunTime:0.0010s ]
SQL: SELECT COUNT(*) AS tp_count FROM `lei1_house` WHERE (  `id` LIKE '%我的ti%' OR `title` LIKE '%我的ti%' OR `personal_name` LIKE '%我的ti%' OR `personal_tel` LIKE '%我的ti%' ) LIMIT 1   [ RunTime:0.0010s ]
SQL: SELECT * FROM `lei1_house` WHERE (  `id` LIKE '%我的ti%' OR `title` LIKE '%我的ti%' OR `personal_name` LIKE '%我的ti%' OR `personal_tel` LIKE '%我的ti%' ) LIMIT 0,10   [ RunTime:0.0000s ]
INFO: [ app_end ] --START--
INFO: Run Behavior\ShowPageTraceBehavior [ RunTime:0.004000s ]
INFO: [ app_end ] --END-- [ RunTime:0.005000s ]

[ 2017-05-16T13:43:14+08:00 ] 127.0.0.1 /benben/getHousesInfoList
INFO: [ app_init ] --START--
INFO: Run Behavior\BuildLiteBehavior [ RunTime:0.000000s ]
INFO: [ app_init ] --END-- [ RunTime:0.003000s ]
INFO: [ app_begin ] --START--
INFO: Run Behavior\ReadHtmlCacheBehavior [ RunTime:0.004000s ]
INFO: [ app_begin ] --END-- [ RunTime:0.005000s ]
SQL: SHOW COLUMNS FROM `lei1_site` [ RunTime:0.0040s ]
SQL: SHOW COLUMNS FROM `lei1_user` [ RunTime:0.0030s ]
SQL: SHOW COLUMNS FROM `lei1_house` [ RunTime:0.0040s ]
SQL: SHOW COLUMNS FROM `lei1_article` [ RunTime:0.0030s ]
SQL: SHOW COLUMNS FROM `lei1_zone` [ RunTime:0.0040s ]
SQL: SHOW COLUMNS FROM `lei1_recharge` [ RunTime:0.0030s ]
SQL: SHOW COLUMNS FROM `lei1_deal` [ RunTime:0.0030s ]
SQL: SHOW COLUMNS FROM `lei1_manager` [ RunTime:0.0030s ]
SQL: SELECT * FROM `lei1_manager` WHERE ( id=1 ) LIMIT 1   [ RunTime:0.0010s ]
SQL: SELECT COUNT(*) AS tp_count FROM `lei1_house` WHERE (  `id` LIKE '%我的ti%' OR `title` LIKE '%我的ti%' OR `personal_name` LIKE '%我的ti%' OR `personal_tel` LIKE '%我的ti%' ) LIMIT 1   [ RunTime:0.0010s ]
SQL: SELECT * FROM `lei1_house` WHERE (  `id` LIKE '%我的ti%' OR `title` LIKE '%我的ti%' OR `personal_name` LIKE '%我的ti%' OR `personal_tel` LIKE '%我的ti%' ) LIMIT 0,10   [ RunTime:0.0000s ]
INFO: [ app_end ] --START--
INFO: Run Behavior\ShowPageTraceBehavior [ RunTime:0.005000s ]
INFO: [ app_end ] --END-- [ RunTime:0.006000s ]

[ 2017-05-16T13:43:14+08:00 ] 127.0.0.1 /benben/getHousesInfoList
INFO: [ app_init ] --START--
INFO: Run Behavior\BuildLiteBehavior [ RunTime:0.000000s ]
INFO: [ app_init ] --END-- [ RunTime:0.003001s ]
INFO: [ app_begin ] --START--
INFO: Run Behavior\ReadHtmlCacheBehavior [ RunTime:0.005000s ]
INFO: [ app_begin ] --END-- [ RunTime:0.007000s ]
SQL: SHOW COLUMNS FROM `lei1_site` [ RunTime:0.0030s ]
SQL: SHOW COLUMNS FROM `lei1_user` [ RunTime:0.0030s ]
SQL: SHOW COLUMNS FROM `lei1_house` [ RunTime:0.0040s ]
SQL: SHOW COLUMNS FROM `lei1_article` [ RunTime:0.0030s ]
SQL: SHOW COLUMNS FROM `lei1_zone` [ RunTime:0.0030s ]
SQL: SHOW COLUMNS FROM `lei1_recharge` [ RunTime:0.0030s ]
SQL: SHOW COLUMNS FROM `lei1_deal` [ RunTime:0.0030s ]
SQL: SHOW COLUMNS FROM `lei1_manager` [ RunTime:0.0020s ]
SQL: SELECT * FROM `lei1_manager` WHERE ( id=1 ) LIMIT 1   [ RunTime:0.0000s ]
SQL: SELECT COUNT(*) AS tp_count FROM `lei1_house` WHERE (  `id` LIKE '%我的tian%' OR `title` LIKE '%我的tian%' OR `personal_name` LIKE '%我的tian%' OR `personal_tel` LIKE '%我的tian%' ) LIMIT 1   [ RunTime:0.0000s ]
SQL: SELECT * FROM `lei1_house` WHERE (  `id` LIKE '%我的tian%' OR `title` LIKE '%我的tian%' OR `personal_name` LIKE '%我的tian%' OR `personal_tel` LIKE '%我的tian%' ) LIMIT 0,10   [ RunTime:0.0000s ]
INFO: [ app_end ] --START--
INFO: Run Behavior\ShowPageTraceBehavior [ RunTime:0.004000s ]
INFO: [ app_end ] --END-- [ RunTime:0.006000s ]

[ 2017-05-16T13:43:15+08:00 ] 127.0.0.1 /benben/getHousesInfoList
INFO: [ app_init ] --START--
INFO: Run Behavior\BuildLiteBehavior [ RunTime:0.000000s ]
INFO: [ app_init ] --END-- [ RunTime:0.004000s ]
INFO: [ app_begin ] --START--
INFO: Run Behavior\ReadHtmlCacheBehavior [ RunTime:0.005000s ]
INFO: [ app_begin ] --END-- [ RunTime:0.006000s ]
SQL: SHOW COLUMNS FROM `lei1_site` [ RunTime:0.0030s ]
SQL: SHOW COLUMNS FROM `lei1_user` [ RunTime:0.0020s ]
SQL: SHOW COLUMNS FROM `lei1_house` [ RunTime:0.0040s ]
SQL: SHOW COLUMNS FROM `lei1_article` [ RunTime:0.0030s ]
SQL: SHOW COLUMNS FROM `lei1_zone` [ RunTime:0.0030s ]
SQL: SHOW COLUMNS FROM `lei1_recharge` [ RunTime:0.0030s ]
SQL: SHOW COLUMNS FROM `lei1_deal` [ RunTime:0.0030s ]
SQL: SHOW COLUMNS FROM `lei1_manager` [ RunTime:0.0030s ]
SQL: SELECT * FROM `lei1_manager` WHERE ( id=1 ) LIMIT 1   [ RunTime:0.0010s ]
SQL: SELECT COUNT(*) AS tp_count FROM `lei1_house` WHERE (  `id` LIKE '%我的tian%' OR `title` LIKE '%我的tian%' OR `personal_name` LIKE '%我的tian%' OR `personal_tel` LIKE '%我的tian%' ) LIMIT 1   [ RunTime:0.0000s ]
SQL: SELECT * FROM `lei1_house` WHERE (  `id` LIKE '%我的tian%' OR `title` LIKE '%我的tian%' OR `personal_name` LIKE '%我的tian%' OR `personal_tel` LIKE '%我的tian%' ) LIMIT 0,10   [ RunTime:0.0010s ]
INFO: [ app_end ] --START--
INFO: Run Behavior\ShowPageTraceBehavior [ RunTime:0.004000s ]
INFO: [ app_end ] --END-- [ RunTime:0.005000s ]

[ 2017-05-16T13:43:15+08:00 ] 127.0.0.1 /benben/getHousesInfoList
INFO: [ app_init ] --START--
INFO: Run Behavior\BuildLiteBehavior [ RunTime:0.000000s ]
INFO: [ app_init ] --END-- [ RunTime:0.003001s ]
INFO: [ app_begin ] --START--
INFO: Run Behavior\ReadHtmlCacheBehavior [ RunTime:0.004000s ]
INFO: [ app_begin ] --END-- [ RunTime:0.005000s ]
SQL: SHOW COLUMNS FROM `lei1_site` [ RunTime:0.0040s ]
SQL: SHOW COLUMNS FROM `lei1_user` [ RunTime:0.0030s ]
SQL: SHOW COLUMNS FROM `lei1_house` [ RunTime:0.0040s ]
SQL: SHOW COLUMNS FROM `lei1_article` [ RunTime:0.0030s ]
SQL: SHOW COLUMNS FROM `lei1_zone` [ RunTime:0.0020s ]
SQL: SHOW COLUMNS FROM `lei1_recharge` [ RunTime:0.0030s ]
SQL: SHOW COLUMNS FROM `lei1_deal` [ RunTime:0.0030s ]
SQL: SHOW COLUMNS FROM `lei1_manager` [ RunTime:0.0030s ]
SQL: SELECT * FROM `lei1_manager` WHERE ( id=1 ) LIMIT 1   [ RunTime:0.0010s ]
SQL: SELECT COUNT(*) AS tp_count FROM `lei1_house` WHERE (  `id` LIKE '%我的天%' OR `title` LIKE '%我的天%' OR `personal_name` LIKE '%我的天%' OR `personal_tel` LIKE '%我的天%' ) LIMIT 1   [ RunTime:0.0010s ]
SQL: SELECT * FROM `lei1_house` WHERE (  `id` LIKE '%我的天%' OR `title` LIKE '%我的天%' OR `personal_name` LIKE '%我的天%' OR `personal_tel` LIKE '%我的天%' ) LIMIT 0,10   [ RunTime:0.0010s ]
INFO: [ app_end ] --START--
INFO: Run Behavior\ShowPageTraceBehavior [ RunTime:0.004000s ]
INFO: [ app_end ] --END-- [ RunTime:0.005000s ]

[ 2017-05-16T13:43:25+08:00 ] 127.0.0.1 /benben/getHousesInfoList
INFO: [ app_init ] --START--
INFO: Run Behavior\BuildLiteBehavior [ RunTime:0.000000s ]
INFO: [ app_init ] --END-- [ RunTime:0.003000s ]
INFO: [ app_begin ] --START--
INFO: Run Behavior\ReadHtmlCacheBehavior [ RunTime:0.004000s ]
INFO: [ app_begin ] --END-- [ RunTime:0.006001s ]
SQL: SHOW COLUMNS FROM `lei1_site` [ RunTime:0.0030s ]
SQL: SHOW COLUMNS FROM `lei1_user` [ RunTime:0.0030s ]
SQL: SHOW COLUMNS FROM `lei1_house` [ RunTime:0.0030s ]
SQL: SHOW COLUMNS FROM `lei1_article` [ RunTime:0.0030s ]
SQL: SHOW COLUMNS FROM `lei1_zone` [ RunTime:0.0040s ]
SQL: SHOW COLUMNS FROM `lei1_recharge` [ RunTime:0.0030s ]
SQL: SHOW COLUMNS FROM `lei1_deal` [ RunTime:0.0030s ]
SQL: SHOW COLUMNS FROM `lei1_manager` [ RunTime:0.0030s ]
SQL: SELECT * FROM `lei1_manager` WHERE ( id=1 ) LIMIT 1   [ RunTime:0.0010s ]
SQL: SELECT COUNT(*) AS tp_count FROM `lei1_house` WHERE (  `id` LIKE '%啊%' OR `title` LIKE '%啊%' OR `personal_name` LIKE '%啊%' OR `personal_tel` LIKE '%啊%' ) LIMIT 1   [ RunTime:0.0000s ]
SQL: SELECT * FROM `lei1_house` WHERE (  `id` LIKE '%啊%' OR `title` LIKE '%啊%' OR `personal_name` LIKE '%啊%' OR `personal_tel` LIKE '%啊%' ) LIMIT 0,10   [ RunTime:0.0010s ]
INFO: [ app_end ] --START--
INFO: Run Behavior\ShowPageTraceBehavior [ RunTime:0.005001s ]
INFO: [ app_end ] --END-- [ RunTime:0.005001s ]

[ 2017-05-16T13:43:25+08:00 ] 127.0.0.1 /benben/getHousesInfoList
INFO: [ app_init ] --START--
INFO: Run Behavior\BuildLiteBehavior [ RunTime:0.000000s ]
INFO: [ app_init ] --END-- [ RunTime:0.003000s ]
INFO: [ app_begin ] --START--
INFO: Run Behavior\ReadHtmlCacheBehavior [ RunTime:0.004000s ]
INFO: [ app_begin ] --END-- [ RunTime:0.005000s ]
SQL: SHOW COLUMNS FROM `lei1_site` [ RunTime:0.0030s ]
SQL: SHOW COLUMNS FROM `lei1_user` [ RunTime:0.0030s ]
SQL: SHOW COLUMNS FROM `lei1_house` [ RunTime:0.0030s ]
SQL: SHOW COLUMNS FROM `lei1_article` [ RunTime:0.0030s ]
SQL: SHOW COLUMNS FROM `lei1_zone` [ RunTime:0.0030s ]
SQL: SHOW COLUMNS FROM `lei1_recharge` [ RunTime:0.0030s ]
SQL: SHOW COLUMNS FROM `lei1_deal` [ RunTime:0.0030s ]
SQL: SHOW COLUMNS FROM `lei1_manager` [ RunTime:0.0030s ]
SQL: SELECT * FROM `lei1_manager` WHERE ( id=1 ) LIMIT 1   [ RunTime:0.0010s ]
SQL: SELECT COUNT(*) AS tp_count FROM `lei1_house` WHERE (  `id` LIKE '%啊%' OR `title` LIKE '%啊%' OR `personal_name` LIKE '%啊%' OR `personal_tel` LIKE '%啊%' ) LIMIT 1   [ RunTime:0.0010s ]
SQL: SELECT * FROM `lei1_house` WHERE (  `id` LIKE '%啊%' OR `title` LIKE '%啊%' OR `personal_name` LIKE '%啊%' OR `personal_tel` LIKE '%啊%' ) LIMIT 0,10   [ RunTime:0.0000s ]
INFO: [ app_end ] --START--
INFO: Run Behavior\ShowPageTraceBehavior [ RunTime:0.004000s ]
INFO: [ app_end ] --END-- [ RunTime:0.005000s ]

[ 2017-05-16T13:43:27+08:00 ] 127.0.0.1 /benben/getHousesInfoList
INFO: [ app_init ] --START--
INFO: Run Behavior\BuildLiteBehavior [ RunTime:0.001000s ]
INFO: [ app_init ] --END-- [ RunTime:0.003001s ]
INFO: [ app_begin ] --START--
INFO: Run Behavior\ReadHtmlCacheBehavior [ RunTime:0.004000s ]
INFO: [ app_begin ] --END-- [ RunTime:0.005000s ]
SQL: SHOW COLUMNS FROM `lei1_site` [ RunTime:0.0030s ]
SQL: SHOW COLUMNS FROM `lei1_user` [ RunTime:0.0020s ]
SQL: SHOW COLUMNS FROM `lei1_house` [ RunTime:0.0030s ]
SQL: SHOW COLUMNS FROM `lei1_article` [ RunTime:0.0030s ]
SQL: SHOW COLUMNS FROM `lei1_zone` [ RunTime:0.0030s ]
SQL: SHOW COLUMNS FROM `lei1_recharge` [ RunTime:0.0030s ]
SQL: SHOW COLUMNS FROM `lei1_deal` [ RunTime:0.0030s ]
SQL: SHOW COLUMNS FROM `lei1_manager` [ RunTime:0.0030s ]
SQL: SELECT * FROM `lei1_manager` WHERE ( id=1 ) LIMIT 1   [ RunTime:0.0010s ]
SQL: SELECT COUNT(*) AS tp_count FROM `lei1_house` LIMIT 1   [ RunTime:0.0010s ]
SQL: SELECT * FROM `lei1_house` ORDER BY id desc LIMIT 0,10   [ RunTime:0.0000s ]
INFO: [ app_end ] --START--
INFO: Run Behavior\ShowPageTraceBehavior [ RunTime:0.004001s ]
INFO: [ app_end ] --END-- [ RunTime:0.005001s ]

[ 2017-05-16T13:45:39+08:00 ] 127.0.0.1 /benben/getHousesInfoList
INFO: [ app_init ] --START--
INFO: Run Behavior\BuildLiteBehavior [ RunTime:0.000000s ]
INFO: [ app_init ] --END-- [ RunTime:0.003000s ]
INFO: [ app_begin ] --START--
INFO: Run Behavior\ReadHtmlCacheBehavior [ RunTime:0.004000s ]
INFO: [ app_begin ] --END-- [ RunTime:0.005000s ]
SQL: SHOW COLUMNS FROM `lei1_site` [ RunTime:0.0030s ]
SQL: SHOW COLUMNS FROM `lei1_user` [ RunTime:0.0030s ]
SQL: SHOW COLUMNS FROM `lei1_house` [ RunTime:0.0030s ]
SQL: SHOW COLUMNS FROM `lei1_article` [ RunTime:0.0030s ]
SQL: SHOW COLUMNS FROM `lei1_zone` [ RunTime:0.0030s ]
SQL: SHOW COLUMNS FROM `lei1_recharge` [ RunTime:0.0030s ]
SQL: SHOW COLUMNS FROM `lei1_deal` [ RunTime:0.0030s ]
SQL: SHOW COLUMNS FROM `lei1_manager` [ RunTime:0.0030s ]
SQL: SELECT * FROM `lei1_manager` WHERE ( id=1 ) LIMIT 1   [ RunTime:0.0000s ]
SQL: SELECT COUNT(*) AS tp_count FROM `lei1_house` LIMIT 1   [ RunTime:0.0010s ]
SQL: SELECT * FROM `lei1_house` ORDER BY id desc LIMIT 0,10   [ RunTime:0.0010s ]
INFO: [ app_end ] --START--
INFO: Run Behavior\ShowPageTraceBehavior [ RunTime:0.004001s ]
INFO: [ app_end ] --END-- [ RunTime:0.006001s ]

[ 2017-05-16T23:19:48+08:00 ] 127.0.0.1 /
INFO: [ app_init ] --START--
INFO: Run Behavior\BuildLiteBehavior [ RunTime:0.000000s ]
INFO: [ app_init ] --END-- [ RunTime:0.019001s ]
INFO: [ app_begin ] --START--
INFO: Run Behavior\ReadHtmlCacheBehavior [ RunTime:0.006000s ]
INFO: [ app_begin ] --END-- [ RunTime:0.007000s ]
SQL: SHOW COLUMNS FROM `lei1_user` [ RunTime:0.0660s ]
SQL: SHOW COLUMNS FROM `lei1_site` [ RunTime:0.0260s ]
SQL: SHOW COLUMNS FROM `lei1_house` [ RunTime:0.0180s ]
SQL: SHOW COLUMNS FROM `lei1_zone` [ RunTime:0.0260s ]
SQL: SHOW COLUMNS FROM `lei1_article` [ RunTime:0.0180s ]
SQL: SHOW COLUMNS FROM `lei1_manager` [ RunTime:0.0250s ]
SQL: SELECT * FROM `lei1_site` WHERE ( area_id=1 ) LIMIT 1   [ RunTime:0.0160s ]
NOTIC: [8] Undefined index: lei666_id D:\UPUPW_AP5.4\vhosts\gcfang.c\Application\Home\Controller\IndexController.class.php 第 239 行.
SQL: SELECT `id`,`user_id`,`title`,`size`,`price`,`house_type`,`sell_type`,`top_to_time`,`hurry_to_time`,lei1_house.create_time,`zone_name` FROM `lei1_house` WHERE lei1_house.house_state = 1 AND ( `top_to_time` > 1494947988  ) ORDER BY lei1_house.id desc  [ RunTime:0.0010s ]
NOTIC: [8] Undefined variable: sellHouse D:\UPUPW_AP5.4\vhosts\gcfang.c\Application\Home\Controller\IndexController.class.php 第 59 行.
NOTIC: [8] Undefined variable: rentHouse D:\UPUPW_AP5.4\vhosts\gcfang.c\Application\Home\Controller\IndexController.class.php 第 60 行.
NOTIC: [8] Undefined variable: shopHouse D:\UPUPW_AP5.4\vhosts\gcfang.c\Application\Home\Controller\IndexController.class.php 第 61 行.
NOTIC: [8] Undefined variable: garageHouse D:\UPUPW_AP5.4\vhosts\gcfang.c\Application\Home\Controller\IndexController.class.php 第 62 行.
INFO: [ view_parse ] --START--
INFO: [ template_filter ] --START--
INFO: Run Behavior\ContentReplaceBehavior [ RunTime:0.001000s ]
INFO: [ template_filter ] --END-- [ RunTime:0.003001s ]
NOTIC: [8] Undefined variable: user_name D:\UPUPW_AP5.4\vhosts\gcfang.c\Application\Runtime\Cache\Home\2a94b8bda04ff446dcedd42276fc99ee.php 第 29 行.
INFO: Run Behavior\ParseTemplateBehavior [ RunTime:0.370021s ]
INFO: [ view_parse ] --END-- [ RunTime:0.372021s ]
INFO: [ view_filter ] --START--
INFO: Run Behavior\WriteHtmlCacheBehavior [ RunTime:0.026001s ]
INFO: [ view_filter ] --END-- [ RunTime:0.028001s ]
INFO: [ app_end ] --START--
INFO: Run Behavior\ShowPageTraceBehavior [ RunTime:0.006000s ]
INFO: [ app_end ] --END-- [ RunTime:0.007000s ]

[ 2017-05-16T23:19:49+08:00 ] 127.0.0.1 /Public/Public/icon/loading.gif
INFO: [ app_init ] --START--
INFO: Run Behavior\BuildLiteBehavior [ RunTime:0.000000s ]
INFO: [ app_init ] --END-- [ RunTime:0.003000s ]

[ 2017-05-16T23:19:49+08:00 ] 127.0.0.1 /index/getMoreHouseList
INFO: [ app_init ] --START--
INFO: Run Behavior\BuildLiteBehavior [ RunTime:0.001000s ]
INFO: [ app_init ] --END-- [ RunTime:0.004001s ]
INFO: [ app_begin ] --START--
INFO: Run Behavior\ReadHtmlCacheBehavior [ RunTime:0.004000s ]
INFO: [ app_begin ] --END-- [ RunTime:0.006000s ]
SQL: SHOW COLUMNS FROM `lei1_user` [ RunTime:0.0050s ]
SQL: SHOW COLUMNS FROM `lei1_site` [ RunTime:0.0050s ]
SQL: SHOW COLUMNS FROM `lei1_house` [ RunTime:0.0040s ]
SQL: SHOW COLUMNS FROM `lei1_zone` [ RunTime:0.0030s ]
SQL: SHOW COLUMNS FROM `lei1_article` [ RunTime:0.0050s ]
SQL: SHOW COLUMNS FROM `lei1_manager` [ RunTime:0.0020s ]
SQL: SELECT * FROM `lei1_site` WHERE ( area_id=1 ) LIMIT 1   [ RunTime:0.0010s ]
NOTIC: [8] Undefined index: lei666_id D:\UPUPW_AP5.4\vhosts\gcfang.c\Application\Home\Controller\IndexController.class.php 第 239 行.
NOTIC: [8] Undefined index: indexSearchValue D:\UPUPW_AP5.4\vhosts\gcfang.c\Application\Home\Controller\IndexController.class.php 第 326 行.
SQL: SELECT `id`,`user_id`,`title`,`size`,`price`,`house_type`,`sell_type`,`top_to_time`,`hurry_to_time`,lei1_house.create_time,`zone_name` FROM `lei1_house` WHERE `house_type` = 1 AND `sell_type` = 1 AND lei1_house.house_state = 1 AND lei1_house.area_id = '1' ORDER BY lei1_house.id desc LIMIT 0,20   [ RunTime:0.0010s ]
NOTIC: [8] Undefined variable: houseHtml D:\UPUPW_AP5.4\vhosts\gcfang.c\Application\Home\Controller\IndexController.class.php 第 334 行.
NOTIC: [8] Undefined index: indexSearchValue D:\UPUPW_AP5.4\vhosts\gcfang.c\Application\Home\Controller\IndexController.class.php 第 336 行.
NOTIC: [8] Undefined variable: tihs D:\UPUPW_AP5.4\vhosts\gcfang.c\Application\Home\Controller\IndexController.class.php 第 343 行.
NOTIC: [8] Trying to get property of non-object D:\UPUPW_AP5.4\vhosts\gcfang.c\Application\Home\Controller\IndexController.class.php 第 343 行.
NOTIC: [8] Undefined variable: tihs D:\UPUPW_AP5.4\vhosts\gcfang.c\Application\Home\Controller\IndexController.class.php 第 343 行.
NOTIC: [8] Trying to get property of non-object D:\UPUPW_AP5.4\vhosts\gcfang.c\Application\Home\Controller\IndexController.class.php 第 343 行.
NOTIC: [8] Undefined variable: tihs D:\UPUPW_AP5.4\vhosts\gcfang.c\Application\Home\Controller\IndexController.class.php 第 343 行.
NOTIC: [8] Trying to get property of non-object D:\UPUPW_AP5.4\vhosts\gcfang.c\Application\Home\Controller\IndexController.class.php 第 343 行.
NOTIC: [8] Undefined variable: tihs D:\UPUPW_AP5.4\vhosts\gcfang.c\Application\Home\Controller\IndexController.class.php 第 343 行.
NOTIC: [8] Trying to get property of non-object D:\UPUPW_AP5.4\vhosts\gcfang.c\Application\Home\Controller\IndexController.class.php 第 343 行.
NOTIC: [8] Undefined variable: tihs D:\UPUPW_AP5.4\vhosts\gcfang.c\Application\Home\Controller\IndexController.class.php 第 343 行.
NOTIC: [8] Trying to get property of non-object D:\UPUPW_AP5.4\vhosts\gcfang.c\Application\Home\Controller\IndexController.class.php 第 343 行.
NOTIC: [8] Undefined variable: tihs D:\UPUPW_AP5.4\vhosts\gcfang.c\Application\Home\Controller\IndexController.class.php 第 343 行.
NOTIC: [8] Trying to get property of non-object D:\UPUPW_AP5.4\vhosts\gcfang.c\Application\Home\Controller\IndexController.class.php 第 343 行.
NOTIC: [8] Undefined variable: tihs D:\UPUPW_AP5.4\vhosts\gcfang.c\Application\Home\Controller\IndexController.class.php 第 343 行.
NOTIC: [8] Trying to get property of non-object D:\UPUPW_AP5.4\vhosts\gcfang.c\Application\Home\Controller\IndexController.class.php 第 343 行.
NOTIC: [8] Undefined variable: tihs D:\UPUPW_AP5.4\vhosts\gcfang.c\Application\Home\Controller\IndexController.class.php 第 343 行.
NOTIC: [8] Trying to get property of non-object D:\UPUPW_AP5.4\vhosts\gcfang.c\Application\Home\Controller\IndexController.class.php 第 343 行.
NOTIC: [8] Undefined variable: tihs D:\UPUPW_AP5.4\vhosts\gcfang.c\Application\Home\Controller\IndexController.class.php 第 343 行.
NOTIC: [8] Trying to get property of non-object D:\UPUPW_AP5.4\vhosts\gcfang.c\Application\Home\Controller\IndexController.class.php 第 343 行.
NOTIC: [8] Undefined variable: tihs D:\UPUPW_AP5.4\vhosts\gcfang.c\Application\Home\Controller\IndexController.class.php 第 343 行.
NOTIC: [8] Trying to get property of non-object D:\UPUPW_AP5.4\vhosts\gcfang.c\Application\Home\Controller\IndexController.class.php 第 343 行.
NOTIC: [8] Undefined variable: tihs D:\UPUPW_AP5.4\vhosts\gcfang.c\Application\Home\Controller\IndexController.class.php 第 343 行.
NOTIC: [8] Trying to get property of non-object D:\UPUPW_AP5.4\vhosts\gcfang.c\Application\Home\Controller\IndexController.class.php 第 343 行.
NOTIC: [8] Undefined variable: tihs D:\UPUPW_AP5.4\vhosts\gcfang.c\Application\Home\Controller\IndexController.class.php 第 343 行.
NOTIC: [8] Trying to get property of non-object D:\UPUPW_AP5.4\vhosts\gcfang.c\Application\Home\Controller\IndexController.class.php 第 343 行.
NOTIC: [8] Undefined variable: tihs D:\UPUPW_AP5.4\vhosts\gcfang.c\Application\Home\Controller\IndexController.class.php 第 343 行.
NOTIC: [8] Trying to get property of non-object D:\UPUPW_AP5.4\vhosts\gcfang.c\Application\Home\Controller\IndexController.class.php 第 343 行.
NOTIC: [8] Undefined variable: tihs D:\UPUPW_AP5.4\vhosts\gcfang.c\Application\Home\Controller\IndexController.class.php 第 343 行.
NOTIC: [8] Trying to get property of non-object D:\UPUPW_AP5.4\vhosts\gcfang.c\Application\Home\Controller\IndexController.class.php 第 343 行.
NOTIC: [8] Undefined variable: tihs D:\UPUPW_AP5.4\vhosts\gcfang.c\Application\Home\Controller\IndexController.class.php 第 343 行.
NOTIC: [8] Trying to get property of non-object D:\UPUPW_AP5.4\vhosts\gcfang.c\Application\Home\Controller\IndexController.class.php 第 343 行.
NOTIC: [8] Undefined variable: tihs D:\UPUPW_AP5.4\vhosts\gcfang.c\Application\Home\Controller\IndexController.class.php 第 343 行.
NOTIC: [8] Trying to get property of non-object D:\UPUPW_AP5.4\vhosts\gcfang.c\Application\Home\Controller\IndexController.class.php 第 343 行.
NOTIC: [8] Undefined index: indexSearchValue D:\UPUPW_AP5.4\vhosts\gcfang.c\Application\Home\Controller\IndexController.class.php 第 349 行.
INFO: [ app_end ] --START--
INFO: Run Behavior\ShowPageTraceBehavior [ RunTime:0.004000s ]
INFO: [ app_end ] --END-- [ RunTime:0.006000s ]

[ 2017-05-16T23:19:52+08:00 ] 127.0.0.1 /benben/
INFO: [ app_init ] --START--
INFO: Run Behavior\BuildLiteBehavior [ RunTime:0.001000s ]
INFO: [ app_init ] --END-- [ RunTime:0.003000s ]
INFO: [ app_begin ] --START--
INFO: Run Behavior\ReadHtmlCacheBehavior [ RunTime:0.004000s ]
INFO: [ app_begin ] --END-- [ RunTime:0.006000s ]
SQL: SHOW COLUMNS FROM `lei1_site` [ RunTime:0.0030s ]
SQL: SHOW COLUMNS FROM `lei1_user` [ RunTime:0.0020s ]
SQL: SHOW COLUMNS FROM `lei1_house` [ RunTime:0.0040s ]
SQL: SHOW COLUMNS FROM `lei1_article` [ RunTime:0.0040s ]
SQL: SHOW COLUMNS FROM `lei1_zone` [ RunTime:0.0040s ]
SQL: SHOW COLUMNS FROM `lei1_recharge` [ RunTime:0.0220s ]
SQL: SHOW COLUMNS FROM `lei1_deal` [ RunTime:0.0250s ]
SQL: SHOW COLUMNS FROM `lei1_manager` [ RunTime:0.0040s ]
SQL: SELECT * FROM `lei1_manager` WHERE ( id=1 ) LIMIT 1   [ RunTime:0.0010s ]
SQL: SELECT `area_name`,`area_url` FROM `lei1_site`  [ RunTime:0.0000s ]
INFO: [ view_parse ] --START--
INFO: [ template_filter ] --START--
INFO: Run Behavior\ContentReplaceBehavior [ RunTime:0.001000s ]
INFO: [ template_filter ] --END-- [ RunTime:0.003000s ]
INFO: Run Behavior\ParseTemplateBehavior [ RunTime:0.073004s ]
INFO: [ view_parse ] --END-- [ RunTime:0.075004s ]
INFO: [ view_filter ] --START--
INFO: Run Behavior\WriteHtmlCacheBehavior [ RunTime:0.004000s ]
INFO: [ view_filter ] --END-- [ RunTime:0.006000s ]
INFO: [ app_end ] --START--
INFO: Run Behavior\ShowPageTraceBehavior [ RunTime:0.004001s ]
INFO: [ app_end ] --END-- [ RunTime:0.005001s ]

[ 2017-05-16T23:19:53+08:00 ] 127.0.0.1 /benben/housesInfo?_=1494947992199
INFO: [ app_init ] --START--
INFO: Run Behavior\BuildLiteBehavior [ RunTime:0.000000s ]
INFO: [ app_init ] --END-- [ RunTime:0.003000s ]
INFO: [ app_begin ] --START--
INFO: Run Behavior\ReadHtmlCacheBehavior [ RunTime:0.005000s ]
INFO: [ app_begin ] --END-- [ RunTime:0.005000s ]
SQL: SHOW COLUMNS FROM `lei1_site` [ RunTime:0.0030s ]
SQL: SHOW COLUMNS FROM `lei1_user` [ RunTime:0.0030s ]
SQL: SHOW COLUMNS FROM `lei1_house` [ RunTime:0.0030s ]
SQL: SHOW COLUMNS FROM `lei1_article` [ RunTime:0.0030s ]
SQL: SHOW COLUMNS FROM `lei1_zone` [ RunTime:0.0030s ]
SQL: SHOW COLUMNS FROM `lei1_recharge` [ RunTime:0.0030s ]
SQL: SHOW COLUMNS FROM `lei1_deal` [ RunTime:0.0040s ]
SQL: SHOW COLUMNS FROM `lei1_manager` [ RunTime:0.0030s ]
SQL: SELECT * FROM `lei1_manager` WHERE ( id=1 ) LIMIT 1   [ RunTime:0.0000s ]
INFO: [ view_parse ] --START--
INFO: [ template_filter ] --START--
INFO: Run Behavior\ContentReplaceBehavior [ RunTime:0.001000s ]
INFO: [ template_filter ] --END-- [ RunTime:0.002000s ]
INFO: Run Behavior\ParseTemplateBehavior [ RunTime:0.090005s ]
INFO: [ view_parse ] --END-- [ RunTime:0.090005s ]
INFO: [ view_filter ] --START--
INFO: Run Behavior\WriteHtmlCacheBehavior [ RunTime:0.004001s ]
INFO: [ view_filter ] --END-- [ RunTime:0.005001s ]
INFO: [ app_end ] --START--
INFO: Run Behavior\ShowPageTraceBehavior [ RunTime:0.005000s ]
INFO: [ app_end ] --END-- [ RunTime:0.007000s ]

[ 2017-05-16T23:19:54+08:00 ] 127.0.0.1 /benben/getHousesInfoList
INFO: [ app_init ] --START--
INFO: Run Behavior\BuildLiteBehavior [ RunTime:0.001000s ]
INFO: [ app_init ] --END-- [ RunTime:0.004001s ]
INFO: [ app_begin ] --START--
INFO: Run Behavior\ReadHtmlCacheBehavior [ RunTime:0.005000s ]
INFO: [ app_begin ] --END-- [ RunTime:0.006000s ]
SQL: SHOW COLUMNS FROM `lei1_site` [ RunTime:0.0040s ]
SQL: SHOW COLUMNS FROM `lei1_user` [ RunTime:0.0030s ]
SQL: SHOW COLUMNS FROM `lei1_house` [ RunTime:0.0040s ]
SQL: SHOW COLUMNS FROM `lei1_article` [ RunTime:0.0030s ]
SQL: SHOW COLUMNS FROM `lei1_zone` [ RunTime:0.0030s ]
SQL: SHOW COLUMNS FROM `lei1_recharge` [ RunTime:0.0030s ]
SQL: SHOW COLUMNS FROM `lei1_deal` [ RunTime:0.0050s ]
SQL: SHOW COLUMNS FROM `lei1_manager` [ RunTime:0.0030s ]
SQL: SELECT * FROM `lei1_manager` WHERE ( id=1 ) LIMIT 1   [ RunTime:0.0010s ]
SQL: SELECT COUNT(*) AS tp_count FROM `lei1_house` LIMIT 1   [ RunTime:0.0010s ]
SQL: SELECT * FROM `lei1_house` ORDER BY id desc LIMIT 0,10   [ RunTime:0.0010s ]
INFO: [ app_end ] --START--
INFO: Run Behavior\ShowPageTraceBehavior [ RunTime:0.006000s ]
INFO: [ app_end ] --END-- [ RunTime:0.007000s ]

[ 2017-05-16T23:19:54+08:00 ] 127.0.0.1 /benben/getHousesInfoList
INFO: [ app_init ] --START--
INFO: Run Behavior\BuildLiteBehavior [ RunTime:0.000000s ]
INFO: [ app_init ] --END-- [ RunTime:0.003000s ]
INFO: [ app_begin ] --START--
INFO: Run Behavior\ReadHtmlCacheBehavior [ RunTime:0.004001s ]
INFO: [ app_begin ] --END-- [ RunTime:0.006001s ]
SQL: SHOW COLUMNS FROM `lei1_site` [ RunTime:0.0030s ]
SQL: SHOW COLUMNS FROM `lei1_user` [ RunTime:0.0060s ]
SQL: SHOW COLUMNS FROM `lei1_house` [ RunTime:0.0040s ]
SQL: SHOW COLUMNS FROM `lei1_article` [ RunTime:0.0040s ]
SQL: SHOW COLUMNS FROM `lei1_zone` [ RunTime:0.0050s ]
SQL: SHOW COLUMNS FROM `lei1_recharge` [ RunTime:0.0030s ]
SQL: SHOW COLUMNS FROM `lei1_deal` [ RunTime:0.0030s ]
SQL: SHOW COLUMNS FROM `lei1_manager` [ RunTime:0.0030s ]
SQL: SELECT * FROM `lei1_manager` WHERE ( id=1 ) LIMIT 1   [ RunTime:0.0010s ]
SQL: SELECT COUNT(*) AS tp_count FROM `lei1_house` LIMIT 1   [ RunTime:0.0000s ]
SQL: SELECT * FROM `lei1_house` ORDER BY id desc LIMIT 0,10   [ RunTime:0.0000s ]
INFO: [ app_end ] --START--
INFO: Run Behavior\ShowPageTraceBehavior [ RunTime:0.005001s ]
INFO: [ app_end ] --END-- [ RunTime:0.007001s ]

[ 2017-05-16T23:20:17+08:00 ] 127.0.0.1 /benben/getHousesInfoList
INFO: [ app_init ] --START--
INFO: Run Behavior\BuildLiteBehavior [ RunTime:0.000000s ]
INFO: [ app_init ] --END-- [ RunTime:0.003000s ]
INFO: [ app_begin ] --START--
INFO: Run Behavior\ReadHtmlCacheBehavior [ RunTime:0.004000s ]
INFO: [ app_begin ] --END-- [ RunTime:0.005000s ]
SQL: SHOW COLUMNS FROM `lei1_site` [ RunTime:0.0040s ]
SQL: SHOW COLUMNS FROM `lei1_user` [ RunTime:0.0040s ]
SQL: SHOW COLUMNS FROM `lei1_house` [ RunTime:0.0040s ]
SQL: SHOW COLUMNS FROM `lei1_article` [ RunTime:0.0040s ]
SQL: SHOW COLUMNS FROM `lei1_zone` [ RunTime:0.0030s ]
SQL: SHOW COLUMNS FROM `lei1_recharge` [ RunTime:0.0030s ]
SQL: SHOW COLUMNS FROM `lei1_deal` [ RunTime:0.0030s ]
SQL: SHOW COLUMNS FROM `lei1_manager` [ RunTime:0.0030s ]
SQL: SELECT * FROM `lei1_manager` WHERE ( id=1 ) LIMIT 1   [ RunTime:0.0010s ]
SQL: SELECT COUNT(*) AS tp_count FROM `lei1_house` LIMIT 1   [ RunTime:0.0010s ]
SQL: SELECT * FROM `lei1_house` ORDER BY id desc LIMIT 10,10   [ RunTime:0.0010s ]
INFO: [ app_end ] --START--
INFO: Run Behavior\ShowPageTraceBehavior [ RunTime:0.005001s ]
INFO: [ app_end ] --END-- [ RunTime:0.006001s ]

