[ 2015-11-14T15:45:02+08:00 ] 180.97.106.37 /house/getMoreHouseLise
INFO: [ app_init ] --START--
INFO: Run Behavior\BuildLiteBehavior [ RunTime:0.000029s ]
INFO: [ app_init ] --END-- [ RunTime:0.000617s ]
ERR: 无法加载模块:House

[ 2015-11-14T15:45:06+08:00 ] 180.97.106.37 /house/getMoreHouseLise
INFO: [ app_init ] --START--
INFO: Run Behavior\BuildLiteBehavior [ RunTime:0.000027s ]
INFO: [ app_init ] --END-- [ RunTime:0.000446s ]
ERR: 无法加载模块:House

[ 2015-11-14T15:45:06+08:00 ] 180.97.106.36 /house/getMoreHouseLise
INFO: [ app_init ] --START--
INFO: Run Behavior\BuildLiteBehavior [ RunTime:0.000040s ]
INFO: [ app_init ] --END-- [ RunTime:0.000685s ]
ERR: 无法加载模块:House

[ 2015-11-14T15:45:12+08:00 ] 180.97.106.161 /house/getMoreHouseLise
INFO: [ app_init ] --START--
INFO: Run Behavior\BuildLiteBehavior [ RunTime:0.000027s ]
INFO: [ app_init ] --END-- [ RunTime:0.000467s ]
ERR: 无法加载模块:House

[ 2015-11-14T15:45:48+08:00 ] 180.97.106.37 /index/getMoreHouseList
INFO: [ app_init ] --START--
INFO: Run Behavior\BuildLiteBehavior [ RunTime:0.003059s ]
INFO: [ app_init ] --END-- [ RunTime:0.003532s ]
ERR: 无法加载模块:Index

[ 2015-11-14T15:46:07+08:00 ] 180.97.106.162 /index/getMoreHouseList
INFO: [ app_init ] --START--
INFO: Run Behavior\BuildLiteBehavior [ RunTime:0.000027s ]
INFO: [ app_init ] --END-- [ RunTime:0.000438s ]
ERR: 无法加载模块:Index

[ 2015-11-14T15:46:18+08:00 ] 180.97.106.161 /index/getMoreHouseList
INFO: [ app_init ] --START--
INFO: Run Behavior\BuildLiteBehavior [ RunTime:0.000026s ]
INFO: [ app_init ] --END-- [ RunTime:0.000473s ]
ERR: 无法加载模块:Index

[ 2015-11-14T15:47:04+08:00 ] 180.97.106.37 /index/register
INFO: [ app_init ] --START--
INFO: Run Behavior\BuildLiteBehavior [ RunTime:0.000031s ]
INFO: [ app_init ] --END-- [ RunTime:0.000627s ]
ERR: 无法加载模块:Index

[ 2015-11-14T15:47:21+08:00 ] 180.97.106.162 /index/register
INFO: [ app_init ] --START--
INFO: Run Behavior\BuildLiteBehavior [ RunTime:0.000021s ]
INFO: [ app_init ] --END-- [ RunTime:0.000408s ]
ERR: 无法加载模块:Index

