[ 2015-10-21T15:37:00+08:00 ] 180.97.106.37 /house/getMoreHouseLise
INFO: [ app_init ] --START--
INFO: Run Behavior\BuildLiteBehavior [ RunTime:0.000024s ]
INFO: [ app_init ] --END-- [ RunTime:0.000563s ]
ERR: 无法加载模块:House

[ 2015-10-21T15:37:01+08:00 ] 180.97.106.162 /house/getMoreHouseLise
INFO: [ app_init ] --START--
INFO: Run Behavior\BuildLiteBehavior [ RunTime:0.000025s ]
INFO: [ app_init ] --END-- [ RunTime:0.000476s ]
ERR: 无法加载模块:House

[ 2015-10-21T15:37:01+08:00 ] 180.97.106.36 /house/getMoreHouseLise
INFO: [ app_init ] --START--
INFO: Run Behavior\BuildLiteBehavior [ RunTime:0.000024s ]
INFO: [ app_init ] --END-- [ RunTime:0.000438s ]
ERR: 无法加载模块:House

[ 2015-10-21T15:37:02+08:00 ] 180.97.106.36 /house/getMoreHouseLise
INFO: [ app_init ] --START--
INFO: Run Behavior\BuildLiteBehavior [ RunTime:0.000021s ]
INFO: [ app_init ] --END-- [ RunTime:0.000423s ]
ERR: 无法加载模块:House

[ 2015-10-21T15:38:22+08:00 ] 180.97.106.37 /index/getMoreHouseList
INFO: [ app_init ] --START--
INFO: Run Behavior\BuildLiteBehavior [ RunTime:0.000042s ]
INFO: [ app_init ] --END-- [ RunTime:0.001727s ]
ERR: 无法加载模块:Index

[ 2015-10-21T15:38:31+08:00 ] 180.97.106.36 /index/getMoreHouseList
INFO: [ app_init ] --START--
INFO: Run Behavior\BuildLiteBehavior [ RunTime:0.000034s ]
INFO: [ app_init ] --END-- [ RunTime:0.016597s ]
ERR: 无法加载模块:Index

[ 2015-10-21T15:38:36+08:00 ] 180.97.106.37 /index/getMoreHouseList
INFO: [ app_init ] --START--
INFO: Run Behavior\BuildLiteBehavior [ RunTime:0.000024s ]
INFO: [ app_init ] --END-- [ RunTime:0.000535s ]
ERR: 无法加载模块:Index

[ 2015-10-21T15:39:08+08:00 ] 180.97.106.162 /index/register
INFO: [ app_init ] --START--
INFO: Run Behavior\BuildLiteBehavior [ RunTime:0.000028s ]
INFO: [ app_init ] --END-- [ RunTime:0.000501s ]
ERR: 无法加载模块:Index

[ 2015-10-21T15:39:11+08:00 ] 180.97.106.37 /index/register
INFO: [ app_init ] --START--
INFO: Run Behavior\BuildLiteBehavior [ RunTime:0.000027s ]
INFO: [ app_init ] --END-- [ RunTime:0.000437s ]
ERR: 无法加载模块:Index

[ 2015-10-21T15:39:18+08:00 ] 180.97.106.162 /index/register
INFO: [ app_init ] --START--
INFO: Run Behavior\BuildLiteBehavior [ RunTime:0.000037s ]
INFO: [ app_init ] --END-- [ RunTime:0.000656s ]
ERR: 无法加载模块:Index

[ 2015-10-21T15:39:19+08:00 ] 180.97.106.36 /index/register
INFO: [ app_init ] --START--
INFO: Run Behavior\BuildLiteBehavior [ RunTime:0.000025s ]
INFO: [ app_init ] --END-- [ RunTime:0.045450s ]
ERR: 无法加载模块:Index

[ 2015-10-21T15:39:25+08:00 ] 180.97.106.37 /index/register
INFO: [ app_init ] --START--
INFO: Run Behavior\BuildLiteBehavior [ RunTime:0.000027s ]
INFO: [ app_init ] --END-- [ RunTime:0.008546s ]
ERR: 无法加载模块:Index

[ 2015-10-21T15:39:28+08:00 ] 180.97.106.162 /index/register
INFO: [ app_init ] --START--
INFO: Run Behavior\BuildLiteBehavior [ RunTime:0.000025s ]
INFO: [ app_init ] --END-- [ RunTime:0.000443s ]
ERR: 无法加载模块:Index

[ 2015-10-21T15:39:30+08:00 ] 180.97.106.36 /index/register
INFO: [ app_init ] --START--
INFO: Run Behavior\BuildLiteBehavior [ RunTime:0.000025s ]
INFO: [ app_init ] --END-- [ RunTime:0.000492s ]
ERR: 无法加载模块:Index

[ 2015-10-21T15:39:32+08:00 ] 180.97.106.162 /index/register
INFO: [ app_init ] --START--
INFO: Run Behavior\BuildLiteBehavior [ RunTime:0.000024s ]
INFO: [ app_init ] --END-- [ RunTime:0.000518s ]
ERR: 无法加载模块:Index

[ 2015-10-21T15:39:52+08:00 ] 180.97.106.37 /index/register
INFO: [ app_init ] --START--
INFO: Run Behavior\BuildLiteBehavior [ RunTime:0.000025s ]
INFO: [ app_init ] --END-- [ RunTime:0.000551s ]
ERR: 无法加载模块:Index

[ 2015-10-21T15:39:54+08:00 ] 180.97.106.37 /index/register
INFO: [ app_init ] --START--
INFO: Run Behavior\BuildLiteBehavior [ RunTime:0.000027s ]
INFO: [ app_init ] --END-- [ RunTime:0.000469s ]
ERR: 无法加载模块:Index

[ 2015-10-21T15:39:56+08:00 ] 180.97.106.162 /index/register
INFO: [ app_init ] --START--
INFO: Run Behavior\BuildLiteBehavior [ RunTime:0.000024s ]
INFO: [ app_init ] --END-- [ RunTime:0.000426s ]
ERR: 无法加载模块:Index

[ 2015-10-21T15:40:09+08:00 ] 180.97.106.37 /index/register
INFO: [ app_init ] --START--
INFO: Run Behavior\BuildLiteBehavior [ RunTime:0.000040s ]
INFO: [ app_init ] --END-- [ RunTime:0.002712s ]
ERR: 无法加载模块:Index

[ 2015-10-21T15:41:28+08:00 ] 180.97.106.36 /index/verify_code?id=1
INFO: [ app_init ] --START--
INFO: Run Behavior\BuildLiteBehavior [ RunTime:0.000026s ]
INFO: [ app_init ] --END-- [ RunTime:0.000437s ]
ERR: 无法加载模块:Index

[ 2015-10-21T15:41:56+08:00 ] 180.97.106.37 /index/verify_code?id=1&rnd
INFO: [ app_init ] --START--
INFO: Run Behavior\BuildLiteBehavior [ RunTime:0.000027s ]
INFO: [ app_init ] --END-- [ RunTime:0.000439s ]
ERR: 无法加载模块:Index

[ 2015-10-21T15:42:15+08:00 ] 180.97.106.161 /index/verify_code?id=1&rnd
INFO: [ app_init ] --START--
INFO: Run Behavior\BuildLiteBehavior [ RunTime:0.000038s ]
INFO: [ app_init ] --END-- [ RunTime:0.010474s ]
ERR: 无法加载模块:Index

