[ 2015-11-28T17:18:33+08:00 ] 180.97.106.36 /house/getMoreHouseLise
INFO: [ app_init ] --START--
INFO: Run Behavior\BuildLiteBehavior [ RunTime:0.000034s ]
INFO: [ app_init ] --END-- [ RunTime:0.000632s ]
ERR: 无法加载模块:House

[ 2015-11-28T17:18:38+08:00 ] 180.97.106.37 /house/getMoreHouseLise
INFO: [ app_init ] --START--
INFO: Run Behavior\BuildLiteBehavior [ RunTime:0.000025s ]
INFO: [ app_init ] --END-- [ RunTime:0.000491s ]
ERR: 无法加载模块:House

[ 2015-11-28T17:18:38+08:00 ] 180.97.106.37 /house/getMoreHouseLise
INFO: [ app_init ] --START--
INFO: Run Behavior\BuildLiteBehavior [ RunTime:0.000026s ]
INFO: [ app_init ] --END-- [ RunTime:0.000469s ]
ERR: 无法加载模块:House

[ 2015-11-28T17:18:39+08:00 ] 180.97.106.36 /house/getMoreHouseLise
INFO: [ app_init ] --START--
INFO: Run Behavior\BuildLiteBehavior [ RunTime:0.000032s ]
INFO: [ app_init ] --END-- [ RunTime:0.000622s ]
ERR: 无法加载模块:House

[ 2015-11-28T17:19:34+08:00 ] 180.97.106.37 /index/getMoreHouseList
INFO: [ app_init ] --START--
INFO: Run Behavior\BuildLiteBehavior [ RunTime:0.000051s ]
INFO: [ app_init ] --END-- [ RunTime:0.013191s ]
ERR: 无法加载模块:Index

[ 2015-11-28T17:19:39+08:00 ] 180.97.106.36 /index/getMoreHouseList
INFO: [ app_init ] --START--
INFO: Run Behavior\BuildLiteBehavior [ RunTime:0.000026s ]
INFO: [ app_init ] --END-- [ RunTime:0.000465s ]
ERR: 无法加载模块:Index

[ 2015-11-28T17:19:39+08:00 ] 180.97.106.37 /index/getMoreHouseList
INFO: [ app_init ] --START--
INFO: Run Behavior\BuildLiteBehavior [ RunTime:0.000023s ]
INFO: [ app_init ] --END-- [ RunTime:0.000437s ]
ERR: 无法加载模块:Index

[ 2015-11-28T17:20:17+08:00 ] 180.97.106.162 /index/register
INFO: [ app_init ] --START--
INFO: Run Behavior\BuildLiteBehavior [ RunTime:0.000025s ]
INFO: [ app_init ] --END-- [ RunTime:0.000456s ]
ERR: 无法加载模块:Index

[ 2015-11-28T17:20:20+08:00 ] 180.97.106.37 /index/register
INFO: [ app_init ] --START--
INFO: Run Behavior\BuildLiteBehavior [ RunTime:0.000028s ]
INFO: [ app_init ] --END-- [ RunTime:0.000663s ]
ERR: 无法加载模块:Index

[ 2015-11-28T17:20:24+08:00 ] 180.97.106.162 /index/register
INFO: [ app_init ] --START--
INFO: Run Behavior\BuildLiteBehavior [ RunTime:0.000024s ]
INFO: [ app_init ] --END-- [ RunTime:0.000493s ]
ERR: 无法加载模块:Index

[ 2015-11-28T17:20:24+08:00 ] 180.97.106.36 /index/register
INFO: [ app_init ] --START--
INFO: Run Behavior\BuildLiteBehavior [ RunTime:0.000025s ]
INFO: [ app_init ] --END-- [ RunTime:0.000449s ]
ERR: 无法加载模块:Index

[ 2015-11-28T17:20:35+08:00 ] 180.97.106.36 /index/register
INFO: [ app_init ] --START--
INFO: Run Behavior\BuildLiteBehavior [ RunTime:0.000025s ]
INFO: [ app_init ] --END-- [ RunTime:0.000429s ]
ERR: 无法加载模块:Index

[ 2015-11-28T17:20:46+08:00 ] 180.97.106.162 /index/register
INFO: [ app_init ] --START--
INFO: Run Behavior\BuildLiteBehavior [ RunTime:0.000035s ]
INFO: [ app_init ] --END-- [ RunTime:0.000649s ]
ERR: 无法加载模块:Index

[ 2015-11-28T17:20:47+08:00 ] 180.97.106.162 /index/register
INFO: [ app_init ] --START--
INFO: Run Behavior\BuildLiteBehavior [ RunTime:0.000025s ]
INFO: [ app_init ] --END-- [ RunTime:0.000437s ]
ERR: 无法加载模块:Index

[ 2015-11-28T17:20:48+08:00 ] 180.97.106.36 /index/register
INFO: [ app_init ] --START--
INFO: Run Behavior\BuildLiteBehavior [ RunTime:0.000026s ]
INFO: [ app_init ] --END-- [ RunTime:0.000444s ]
ERR: 无法加载模块:Index

[ 2015-11-28T17:20:50+08:00 ] 180.97.106.162 /index/register
INFO: [ app_init ] --START--
INFO: Run Behavior\BuildLiteBehavior [ RunTime:0.000022s ]
INFO: [ app_init ] --END-- [ RunTime:0.000433s ]
ERR: 无法加载模块:Index

[ 2015-11-28T17:20:56+08:00 ] 180.97.106.161 /index/register
INFO: [ app_init ] --START--
INFO: Run Behavior\BuildLiteBehavior [ RunTime:0.000024s ]
INFO: [ app_init ] --END-- [ RunTime:0.000472s ]
ERR: 无法加载模块:Index

[ 2015-11-28T17:20:57+08:00 ] 180.97.106.161 /index/register
INFO: [ app_init ] --START--
INFO: Run Behavior\BuildLiteBehavior [ RunTime:0.000028s ]
INFO: [ app_init ] --END-- [ RunTime:0.000459s ]
ERR: 无法加载模块:Index

[ 2015-11-28T17:20:58+08:00 ] 180.97.106.37 /index/register
INFO: [ app_init ] --START--
INFO: Run Behavior\BuildLiteBehavior [ RunTime:0.000027s ]
INFO: [ app_init ] --END-- [ RunTime:0.000494s ]
ERR: 无法加载模块:Index

