[ 2015-11-06T20:22:11+08:00 ] 180.97.106.37 /house/getMoreHouseLise
INFO: [ app_init ] --START--
INFO: Run Behavior\BuildLiteBehavior [ RunTime:0.000035s ]
INFO: [ app_init ] --END-- [ RunTime:0.000684s ]
ERR: 无法加载模块:House

[ 2015-11-06T20:22:11+08:00 ] 180.97.106.37 /house/getMoreHouseLise
INFO: [ app_init ] --START--
INFO: Run Behavior\BuildLiteBehavior [ RunTime:0.000024s ]
INFO: [ app_init ] --END-- [ RunTime:0.000430s ]
ERR: 无法加载模块:House

[ 2015-11-06T20:22:11+08:00 ] 180.97.106.36 /house/getMoreHouseLise
INFO: [ app_init ] --START--
INFO: Run Behavior\BuildLiteBehavior [ RunTime:0.000027s ]
INFO: [ app_init ] --END-- [ RunTime:0.000488s ]
ERR: 无法加载模块:House

[ 2015-11-06T20:22:12+08:00 ] 180.97.106.162 /house/getMoreHouseLise
INFO: [ app_init ] --START--
INFO: Run Behavior\BuildLiteBehavior [ RunTime:0.000031s ]
INFO: [ app_init ] --END-- [ RunTime:0.000636s ]
ERR: 无法加载模块:House

[ 2015-11-06T20:23:00+08:00 ] 180.97.106.36 /index/getMoreHouseList
INFO: [ app_init ] --START--
INFO: Run Behavior\BuildLiteBehavior [ RunTime:0.000027s ]
INFO: [ app_init ] --END-- [ RunTime:0.000424s ]
ERR: 无法加载模块:Index

[ 2015-11-06T20:23:03+08:00 ] 180.97.106.37 /index/getMoreHouseList
INFO: [ app_init ] --START--
INFO: Run Behavior\BuildLiteBehavior [ RunTime:0.000025s ]
INFO: [ app_init ] --END-- [ RunTime:0.000451s ]
ERR: 无法加载模块:Index

[ 2015-11-06T20:23:18+08:00 ] 180.97.106.37 /index/getMoreHouseList
INFO: [ app_init ] --START--
INFO: Run Behavior\BuildLiteBehavior [ RunTime:0.000029s ]
INFO: [ app_init ] --END-- [ RunTime:0.005940s ]
ERR: 无法加载模块:Index

[ 2015-11-06T20:24:05+08:00 ] 180.97.106.162 /index/register
INFO: [ app_init ] --START--
INFO: Run Behavior\BuildLiteBehavior [ RunTime:0.000037s ]
INFO: [ app_init ] --END-- [ RunTime:0.014724s ]
ERR: 无法加载模块:Index

[ 2015-11-06T20:24:08+08:00 ] 180.97.106.162 /index/register
INFO: [ app_init ] --START--
INFO: Run Behavior\BuildLiteBehavior [ RunTime:0.000032s ]
INFO: [ app_init ] --END-- [ RunTime:0.005467s ]
ERR: 无法加载模块:Index

[ 2015-11-06T20:24:27+08:00 ] 180.97.106.37 /index/register
INFO: [ app_init ] --START--
INFO: Run Behavior\BuildLiteBehavior [ RunTime:0.000035s ]
INFO: [ app_init ] --END-- [ RunTime:0.000606s ]
ERR: 无法加载模块:Index

[ 2015-11-06T20:24:38+08:00 ] 180.97.106.161 /index/register
INFO: [ app_init ] --START--
INFO: Run Behavior\BuildLiteBehavior [ RunTime:0.002070s ]
INFO: [ app_init ] --END-- [ RunTime:0.018412s ]
ERR: 无法加载模块:Index

