[ 2015-10-19T16:27:03+08:00 ] 180.97.106.36 /house/getMoreHouseLise
INFO: [ app_init ] --START--
INFO: Run Behavior\BuildLiteBehavior [ RunTime:0.000030s ]
INFO: [ app_init ] --END-- [ RunTime:0.000522s ]
ERR: 无法加载模块:House

[ 2015-10-19T16:27:06+08:00 ] 180.97.106.162 /house/getMoreHouseLise
INFO: [ app_init ] --START--
INFO: Run Behavior\BuildLiteBehavior [ RunTime:0.000047s ]
INFO: [ app_init ] --END-- [ RunTime:0.023745s ]
ERR: 无法加载模块:House

[ 2015-10-19T16:27:07+08:00 ] 180.97.106.36 /house/getMoreHouseLise
INFO: [ app_init ] --START--
INFO: Run Behavior\BuildLiteBehavior [ RunTime:0.000032s ]
INFO: [ app_init ] --END-- [ RunTime:0.000628s ]
ERR: 无法加载模块:House

[ 2015-10-19T16:27:11+08:00 ] 180.97.106.36 /house/getMoreHouseLise
INFO: [ app_init ] --START--
INFO: Run Behavior\BuildLiteBehavior [ RunTime:0.000029s ]
INFO: [ app_init ] --END-- [ RunTime:0.003562s ]
ERR: 无法加载模块:House

[ 2015-10-19T16:28:19+08:00 ] 180.97.106.162 /index/getMoreHouseList
INFO: [ app_init ] --START--
INFO: Run Behavior\BuildLiteBehavior [ RunTime:0.000024s ]
INFO: [ app_init ] --END-- [ RunTime:0.000413s ]
ERR: 无法加载模块:Index

[ 2015-10-19T16:28:23+08:00 ] 180.97.106.161 /index/getMoreHouseList
INFO: [ app_init ] --START--
INFO: Run Behavior\BuildLiteBehavior [ RunTime:0.000031s ]
INFO: [ app_init ] --END-- [ RunTime:0.000590s ]
ERR: 无法加载模块:Index

[ 2015-10-19T16:28:24+08:00 ] 180.97.106.36 /index/getMoreHouseList
INFO: [ app_init ] --START--
INFO: Run Behavior\BuildLiteBehavior [ RunTime:0.000028s ]
INFO: [ app_init ] --END-- [ RunTime:0.000488s ]
ERR: 无法加载模块:Index

